[0.109s] DEBUG:colcon:Command line arguments: ['/usr/bin/colcon', 'build', '--symlink-install']
[0.109s] DEBUG:colcon:Parsed command line arguments: Namespace(allow_overriding=[], ament_cmake_args=None, base_paths=['.'], build_base='build', catkin_cmake_args=None, catkin_skip_building_tests=False, cmake_args=None, cmake_clean_cache=False, cmake_clean_first=False, cmake_force_configure=False, cmake_target=None, cmake_target_skip_unavailable=False, continue_on_error=False, event_handlers=None, executor='parallel', ignore_user_meta=False, install_base='install', log_base=None, log_level=None, main=<bound method BuildVerb.main of <colcon_core.verb.build.BuildVerb object at 0x7fc53e898370>>, merge_install=False, metas=['./colcon.meta'], packages_above=None, packages_above_and_dependencies=None, packages_above_depth=None, packages_end=None, packages_ignore=None, packages_ignore_regex=None, packages_select=None, packages_select_build_failed=False, packages_select_by_dep=None, packages_select_regex=None, packages_select_test_failures=False, packages_skip=None, packages_skip_build_finished=False, packages_skip_by_dep=None, packages_skip_regex=None, packages_skip_test_passed=False, packages_skip_up_to=None, packages_start=None, packages_up_to=None, packages_up_to_regex=None, parallel_workers=12, paths=None, symlink_install=True, test_result_base=None, verb_extension=<colcon_core.verb.build.BuildVerb object at 0x7fc53e898370>, verb_name='build', verb_parser=<colcon_defaults.argument_parser.defaults.DefaultArgumentsDecorator object at 0x7fc53e705d00>)
[0.189s] Level 1:colcon.colcon_core.package_discovery:discover_packages(colcon_meta) check parameters
[0.189s] Level 1:colcon.colcon_core.package_discovery:discover_packages(recursive) check parameters
[0.189s] Level 1:colcon.colcon_core.package_discovery:discover_packages(ignore) check parameters
[0.189s] Level 1:colcon.colcon_core.package_discovery:discover_packages(path) check parameters
[0.189s] Level 1:colcon.colcon_core.package_discovery:discover_packages(colcon_meta) discover
[0.189s] Level 1:colcon.colcon_core.package_discovery:discover_packages(recursive) discover
[0.189s] INFO:colcon.colcon_core.package_discovery:Crawling recursively for packages in '/home/zine/isro'
[0.189s] Level 1:colcon.colcon_core.package_identification:_identify(.) by extensions ['ignore', 'ignore_ament_install']
[0.189s] Level 1:colcon.colcon_core.package_identification:_identify(.) by extension 'ignore'
[0.189s] Level 1:colcon.colcon_core.package_identification:_identify(.) by extension 'ignore_ament_install'
[0.190s] Level 1:colcon.colcon_core.package_identification:_identify(.) by extensions ['colcon_pkg']
[0.190s] Level 1:colcon.colcon_core.package_identification:_identify(.) by extension 'colcon_pkg'
[0.190s] Level 1:colcon.colcon_core.package_identification:_identify(.) by extensions ['colcon_meta']
[0.190s] Level 1:colcon.colcon_core.package_identification:_identify(.) by extension 'colcon_meta'
[0.190s] Level 1:colcon.colcon_core.package_identification:_identify(.) by extensions ['ros']
[0.190s] Level 1:colcon.colcon_core.package_identification:_identify(.) by extension 'ros'
[0.196s] Level 1:colcon.colcon_core.package_identification:_identify(.) by extensions ['cmake', 'python']
[0.196s] Level 1:colcon.colcon_core.package_identification:_identify(.) by extension 'cmake'
[0.196s] Level 1:colcon.colcon_core.package_identification:_identify(.) by extension 'python'
[0.196s] Level 1:colcon.colcon_core.package_identification:_identify(.) by extensions ['python_setup_py']
[0.196s] Level 1:colcon.colcon_core.package_identification:_identify(.) by extension 'python_setup_py'
[0.196s] Level 1:colcon.colcon_core.package_identification:_identify(build) by extensions ['ignore', 'ignore_ament_install']
[0.196s] Level 1:colcon.colcon_core.package_identification:_identify(build) by extension 'ignore'
[0.196s] Level 1:colcon.colcon_core.package_identification:_identify(build) ignored
[0.197s] Level 1:colcon.colcon_core.package_identification:_identify(install) by extensions ['ignore', 'ignore_ament_install']
[0.197s] Level 1:colcon.colcon_core.package_identification:_identify(install) by extension 'ignore'
[0.197s] Level 1:colcon.colcon_core.package_identification:_identify(install) ignored
[0.197s] Level 1:colcon.colcon_core.package_identification:_identify(log) by extensions ['ignore', 'ignore_ament_install']
[0.197s] Level 1:colcon.colcon_core.package_identification:_identify(log) by extension 'ignore'
[0.197s] Level 1:colcon.colcon_core.package_identification:_identify(log) ignored
[0.197s] Level 1:colcon.colcon_core.package_identification:_identify(src) by extensions ['ignore', 'ignore_ament_install']
[0.198s] Level 1:colcon.colcon_core.package_identification:_identify(src) by extension 'ignore'
[0.198s] Level 1:colcon.colcon_core.package_identification:_identify(src) by extension 'ignore_ament_install'
[0.198s] Level 1:colcon.colcon_core.package_identification:_identify(src) by extensions ['colcon_pkg']
[0.198s] Level 1:colcon.colcon_core.package_identification:_identify(src) by extension 'colcon_pkg'
[0.198s] Level 1:colcon.colcon_core.package_identification:_identify(src) by extensions ['colcon_meta']
[0.198s] Level 1:colcon.colcon_core.package_identification:_identify(src) by extension 'colcon_meta'
[0.198s] Level 1:colcon.colcon_core.package_identification:_identify(src) by extensions ['ros']
[0.198s] Level 1:colcon.colcon_core.package_identification:_identify(src) by extension 'ros'
[0.198s] Level 1:colcon.colcon_core.package_identification:_identify(src) by extensions ['cmake', 'python']
[0.198s] Level 1:colcon.colcon_core.package_identification:_identify(src) by extension 'cmake'
[0.198s] Level 1:colcon.colcon_core.package_identification:_identify(src) by extension 'python'
[0.198s] Level 1:colcon.colcon_core.package_identification:_identify(src) by extensions ['python_setup_py']
[0.198s] Level 1:colcon.colcon_core.package_identification:_identify(src) by extension 'python_setup_py'
[0.198s] Level 1:colcon.colcon_core.package_identification:_identify(src/global_planner) by extensions ['ignore', 'ignore_ament_install']
[0.198s] Level 1:colcon.colcon_core.package_identification:_identify(src/global_planner) by extension 'ignore'
[0.198s] Level 1:colcon.colcon_core.package_identification:_identify(src/global_planner) by extension 'ignore_ament_install'
[0.198s] Level 1:colcon.colcon_core.package_identification:_identify(src/global_planner) by extensions ['colcon_pkg']
[0.198s] Level 1:colcon.colcon_core.package_identification:_identify(src/global_planner) by extension 'colcon_pkg'
[0.198s] Level 1:colcon.colcon_core.package_identification:_identify(src/global_planner) by extensions ['colcon_meta']
[0.198s] Level 1:colcon.colcon_core.package_identification:_identify(src/global_planner) by extension 'colcon_meta'
[0.198s] Level 1:colcon.colcon_core.package_identification:_identify(src/global_planner) by extensions ['ros']
[0.198s] Level 1:colcon.colcon_core.package_identification:_identify(src/global_planner) by extension 'ros'
[0.199s] DEBUG:colcon.colcon_core.package_identification:Package 'src/global_planner' with type 'ros.ament_python' and name 'global_planner'
[0.199s] Level 1:colcon.colcon_core.package_identification:_identify(src/interfaces) by extensions ['ignore', 'ignore_ament_install']
[0.199s] Level 1:colcon.colcon_core.package_identification:_identify(src/interfaces) by extension 'ignore'
[0.199s] Level 1:colcon.colcon_core.package_identification:_identify(src/interfaces) by extension 'ignore_ament_install'
[0.199s] Level 1:colcon.colcon_core.package_identification:_identify(src/interfaces) by extensions ['colcon_pkg']
[0.199s] Level 1:colcon.colcon_core.package_identification:_identify(src/interfaces) by extension 'colcon_pkg'
[0.199s] Level 1:colcon.colcon_core.package_identification:_identify(src/interfaces) by extensions ['colcon_meta']
[0.199s] Level 1:colcon.colcon_core.package_identification:_identify(src/interfaces) by extension 'colcon_meta'
[0.200s] Level 1:colcon.colcon_core.package_identification:_identify(src/interfaces) by extensions ['ros']
[0.200s] Level 1:colcon.colcon_core.package_identification:_identify(src/interfaces) by extension 'ros'
[0.200s] DEBUG:colcon.colcon_core.package_identification:Package 'src/interfaces' with type 'ros.ament_cmake' and name 'interfaces'
[0.200s] Level 1:colcon.colcon_core.package_identification:_identify(src/local_planner) by extensions ['ignore', 'ignore_ament_install']
[0.200s] Level 1:colcon.colcon_core.package_identification:_identify(src/local_planner) by extension 'ignore'
[0.200s] Level 1:colcon.colcon_core.package_identification:_identify(src/local_planner) by extension 'ignore_ament_install'
[0.201s] Level 1:colcon.colcon_core.package_identification:_identify(src/local_planner) by extensions ['colcon_pkg']
[0.201s] Level 1:colcon.colcon_core.package_identification:_identify(src/local_planner) by extension 'colcon_pkg'
[0.201s] Level 1:colcon.colcon_core.package_identification:_identify(src/local_planner) by extensions ['colcon_meta']
[0.201s] Level 1:colcon.colcon_core.package_identification:_identify(src/local_planner) by extension 'colcon_meta'
[0.201s] Level 1:colcon.colcon_core.package_identification:_identify(src/local_planner) by extensions ['ros']
[0.201s] Level 1:colcon.colcon_core.package_identification:_identify(src/local_planner) by extension 'ros'
[0.201s] DEBUG:colcon.colcon_core.package_identification:Package 'src/local_planner' with type 'ros.ament_python' and name 'local_planner'
[0.201s] Level 1:colcon.colcon_core.package_identification:_identify(src/map_server_node) by extensions ['ignore', 'ignore_ament_install']
[0.201s] Level 1:colcon.colcon_core.package_identification:_identify(src/map_server_node) by extension 'ignore'
[0.201s] Level 1:colcon.colcon_core.package_identification:_identify(src/map_server_node) by extension 'ignore_ament_install'
[0.201s] Level 1:colcon.colcon_core.package_identification:_identify(src/map_server_node) by extensions ['colcon_pkg']
[0.201s] Level 1:colcon.colcon_core.package_identification:_identify(src/map_server_node) by extension 'colcon_pkg'
[0.201s] Level 1:colcon.colcon_core.package_identification:_identify(src/map_server_node) by extensions ['colcon_meta']
[0.201s] Level 1:colcon.colcon_core.package_identification:_identify(src/map_server_node) by extension 'colcon_meta'
[0.201s] Level 1:colcon.colcon_core.package_identification:_identify(src/map_server_node) by extensions ['ros']
[0.201s] Level 1:colcon.colcon_core.package_identification:_identify(src/map_server_node) by extension 'ros'
[0.202s] DEBUG:colcon.colcon_core.package_identification:Package 'src/map_server_node' with type 'ros.ament_python' and name 'map_server_node'
[0.202s] Level 1:colcon.colcon_core.package_discovery:discover_packages(recursive) using defaults
[0.202s] Level 1:colcon.colcon_core.package_discovery:discover_packages(ignore) discover
[0.202s] Level 1:colcon.colcon_core.package_discovery:discover_packages(ignore) using defaults
[0.202s] Level 1:colcon.colcon_core.package_discovery:discover_packages(path) discover
[0.202s] Level 1:colcon.colcon_core.package_discovery:discover_packages(path) using defaults
[0.211s] Level 1:colcon.colcon_core.package_discovery:discover_packages(prefix_path) check parameters
[0.211s] Level 1:colcon.colcon_core.package_discovery:discover_packages(prefix_path) discover
[0.212s] DEBUG:colcon.colcon_installed_package_information.package_discovery:Found 4 installed packages in /home/zine/isro/install
[0.213s] DEBUG:colcon.colcon_installed_package_information.package_discovery:Found 289 installed packages in /opt/ros/foxy
[0.214s] Level 1:colcon.colcon_core.package_discovery:discover_packages(prefix_path) using defaults
[0.251s] Level 5:colcon.colcon_core.verb:set package 'global_planner' build argument 'cmake_args' from command line to 'None'
[0.251s] Level 5:colcon.colcon_core.verb:set package 'global_planner' build argument 'cmake_target' from command line to 'None'
[0.251s] Level 5:colcon.colcon_core.verb:set package 'global_planner' build argument 'cmake_target_skip_unavailable' from command line to 'False'
[0.251s] Level 5:colcon.colcon_core.verb:set package 'global_planner' build argument 'cmake_clean_cache' from command line to 'False'
[0.251s] Level 5:colcon.colcon_core.verb:set package 'global_planner' build argument 'cmake_clean_first' from command line to 'False'
[0.251s] Level 5:colcon.colcon_core.verb:set package 'global_planner' build argument 'cmake_force_configure' from command line to 'False'
[0.251s] Level 5:colcon.colcon_core.verb:set package 'global_planner' build argument 'ament_cmake_args' from command line to 'None'
[0.251s] Level 5:colcon.colcon_core.verb:set package 'global_planner' build argument 'catkin_cmake_args' from command line to 'None'
[0.251s] Level 5:colcon.colcon_core.verb:set package 'global_planner' build argument 'catkin_skip_building_tests' from command line to 'False'
[0.251s] DEBUG:colcon.colcon_core.verb:Building package 'global_planner' with the following arguments: {'ament_cmake_args': None, 'build_base': '/home/zine/isro/build/global_planner', 'catkin_cmake_args': None, 'catkin_skip_building_tests': False, 'cmake_args': None, 'cmake_clean_cache': False, 'cmake_clean_first': False, 'cmake_force_configure': False, 'cmake_target': None, 'cmake_target_skip_unavailable': False, 'install_base': '/home/zine/isro/install/global_planner', 'merge_install': False, 'path': '/home/zine/isro/src/global_planner', 'symlink_install': True, 'test_result_base': None}
[0.251s] Level 5:colcon.colcon_core.verb:set package 'interfaces' build argument 'cmake_args' from command line to 'None'
[0.251s] Level 5:colcon.colcon_core.verb:set package 'interfaces' build argument 'cmake_target' from command line to 'None'
[0.251s] Level 5:colcon.colcon_core.verb:set package 'interfaces' build argument 'cmake_target_skip_unavailable' from command line to 'False'
[0.251s] Level 5:colcon.colcon_core.verb:set package 'interfaces' build argument 'cmake_clean_cache' from command line to 'False'
[0.251s] Level 5:colcon.colcon_core.verb:set package 'interfaces' build argument 'cmake_clean_first' from command line to 'False'
[0.251s] Level 5:colcon.colcon_core.verb:set package 'interfaces' build argument 'cmake_force_configure' from command line to 'False'
[0.251s] Level 5:colcon.colcon_core.verb:set package 'interfaces' build argument 'ament_cmake_args' from command line to 'None'
[0.251s] Level 5:colcon.colcon_core.verb:set package 'interfaces' build argument 'catkin_cmake_args' from command line to 'None'
[0.251s] Level 5:colcon.colcon_core.verb:set package 'interfaces' build argument 'catkin_skip_building_tests' from command line to 'False'
[0.251s] DEBUG:colcon.colcon_core.verb:Building package 'interfaces' with the following arguments: {'ament_cmake_args': None, 'build_base': '/home/zine/isro/build/interfaces', 'catkin_cmake_args': None, 'catkin_skip_building_tests': False, 'cmake_args': None, 'cmake_clean_cache': False, 'cmake_clean_first': False, 'cmake_force_configure': False, 'cmake_target': None, 'cmake_target_skip_unavailable': False, 'install_base': '/home/zine/isro/install/interfaces', 'merge_install': False, 'path': '/home/zine/isro/src/interfaces', 'symlink_install': True, 'test_result_base': None}
[0.252s] Level 5:colcon.colcon_core.verb:set package 'local_planner' build argument 'cmake_args' from command line to 'None'
[0.252s] Level 5:colcon.colcon_core.verb:set package 'local_planner' build argument 'cmake_target' from command line to 'None'
[0.252s] Level 5:colcon.colcon_core.verb:set package 'local_planner' build argument 'cmake_target_skip_unavailable' from command line to 'False'
[0.252s] Level 5:colcon.colcon_core.verb:set package 'local_planner' build argument 'cmake_clean_cache' from command line to 'False'
[0.252s] Level 5:colcon.colcon_core.verb:set package 'local_planner' build argument 'cmake_clean_first' from command line to 'False'
[0.252s] Level 5:colcon.colcon_core.verb:set package 'local_planner' build argument 'cmake_force_configure' from command line to 'False'
[0.252s] Level 5:colcon.colcon_core.verb:set package 'local_planner' build argument 'ament_cmake_args' from command line to 'None'
[0.252s] Level 5:colcon.colcon_core.verb:set package 'local_planner' build argument 'catkin_cmake_args' from command line to 'None'
[0.252s] Level 5:colcon.colcon_core.verb:set package 'local_planner' build argument 'catkin_skip_building_tests' from command line to 'False'
[0.252s] DEBUG:colcon.colcon_core.verb:Building package 'local_planner' with the following arguments: {'ament_cmake_args': None, 'build_base': '/home/zine/isro/build/local_planner', 'catkin_cmake_args': None, 'catkin_skip_building_tests': False, 'cmake_args': None, 'cmake_clean_cache': False, 'cmake_clean_first': False, 'cmake_force_configure': False, 'cmake_target': None, 'cmake_target_skip_unavailable': False, 'install_base': '/home/zine/isro/install/local_planner', 'merge_install': False, 'path': '/home/zine/isro/src/local_planner', 'symlink_install': True, 'test_result_base': None}
[0.252s] Level 5:colcon.colcon_core.verb:set package 'map_server_node' build argument 'cmake_args' from command line to 'None'
[0.252s] Level 5:colcon.colcon_core.verb:set package 'map_server_node' build argument 'cmake_target' from command line to 'None'
[0.252s] Level 5:colcon.colcon_core.verb:set package 'map_server_node' build argument 'cmake_target_skip_unavailable' from command line to 'False'
[0.252s] Level 5:colcon.colcon_core.verb:set package 'map_server_node' build argument 'cmake_clean_cache' from command line to 'False'
[0.252s] Level 5:colcon.colcon_core.verb:set package 'map_server_node' build argument 'cmake_clean_first' from command line to 'False'
[0.252s] Level 5:colcon.colcon_core.verb:set package 'map_server_node' build argument 'cmake_force_configure' from command line to 'False'
[0.252s] Level 5:colcon.colcon_core.verb:set package 'map_server_node' build argument 'ament_cmake_args' from command line to 'None'
[0.252s] Level 5:colcon.colcon_core.verb:set package 'map_server_node' build argument 'catkin_cmake_args' from command line to 'None'
[0.252s] Level 5:colcon.colcon_core.verb:set package 'map_server_node' build argument 'catkin_skip_building_tests' from command line to 'False'
[0.252s] DEBUG:colcon.colcon_core.verb:Building package 'map_server_node' with the following arguments: {'ament_cmake_args': None, 'build_base': '/home/zine/isro/build/map_server_node', 'catkin_cmake_args': None, 'catkin_skip_building_tests': False, 'cmake_args': None, 'cmake_clean_cache': False, 'cmake_clean_first': False, 'cmake_force_configure': False, 'cmake_target': None, 'cmake_target_skip_unavailable': False, 'install_base': '/home/zine/isro/install/map_server_node', 'merge_install': False, 'path': '/home/zine/isro/src/map_server_node', 'symlink_install': True, 'test_result_base': None}
[0.252s] INFO:colcon.colcon_core.executor:Executing jobs using 'parallel' executor
[0.254s] DEBUG:colcon.colcon_parallel_executor.executor.parallel:run_until_complete
[0.254s] INFO:colcon.colcon_ros.task.ament_python.build:Building ROS package in '/home/zine/isro/src/global_planner' with build type 'ament_python'
[0.254s] Level 1:colcon.colcon_core.shell:create_environment_hook('global_planner', 'ament_prefix_path')
[0.256s] INFO:colcon.colcon_core.plugin_system:Skipping extension 'colcon_core.shell.bat': Not used on non-Windows systems
[0.256s] INFO:colcon.colcon_core.shell:Creating environment hook '/home/zine/isro/install/global_planner/share/global_planner/hook/ament_prefix_path.ps1'
[0.257s] INFO:colcon.colcon_core.shell:Creating environment descriptor '/home/zine/isro/install/global_planner/share/global_planner/hook/ament_prefix_path.dsv'
[0.258s] INFO:colcon.colcon_core.shell:Creating environment hook '/home/zine/isro/install/global_planner/share/global_planner/hook/ament_prefix_path.sh'
[0.258s] INFO:colcon.colcon_core.shell:Skip shell extension 'powershell' for command environment: Not usable outside of PowerShell
[0.259s] DEBUG:colcon.colcon_core.shell:Skip shell extension 'dsv' for command environment
[0.262s] INFO:colcon.colcon_ros.task.ament_cmake.build:Building ROS package in '/home/zine/isro/src/interfaces' with build type 'ament_cmake'
[0.262s] INFO:colcon.colcon_cmake.task.cmake.build:Building CMake package in '/home/zine/isro/src/interfaces'
[0.262s] INFO:colcon.colcon_core.shell:Skip shell extension 'powershell' for command environment: Not usable outside of PowerShell
[0.262s] DEBUG:colcon.colcon_core.shell:Skip shell extension 'dsv' for command environment
[0.269s] INFO:colcon.colcon_ros.task.ament_python.build:Building ROS package in '/home/zine/isro/src/local_planner' with build type 'ament_python'
[0.269s] Level 1:colcon.colcon_core.shell:create_environment_hook('local_planner', 'ament_prefix_path')
[0.269s] INFO:colcon.colcon_core.shell:Creating environment hook '/home/zine/isro/install/local_planner/share/local_planner/hook/ament_prefix_path.ps1'
[0.272s] INFO:colcon.colcon_core.shell:Creating environment descriptor '/home/zine/isro/install/local_planner/share/local_planner/hook/ament_prefix_path.dsv'
[0.279s] INFO:colcon.colcon_core.shell:Creating environment hook '/home/zine/isro/install/local_planner/share/local_planner/hook/ament_prefix_path.sh'
[0.281s] INFO:colcon.colcon_core.shell:Skip shell extension 'powershell' for command environment: Not usable outside of PowerShell
[0.281s] DEBUG:colcon.colcon_core.shell:Skip shell extension 'dsv' for command environment
[0.287s] INFO:colcon.colcon_ros.task.ament_python.build:Building ROS package in '/home/zine/isro/src/map_server_node' with build type 'ament_python'
[0.293s] Level 1:colcon.colcon_core.shell:create_environment_hook('map_server_node', 'ament_prefix_path')
[0.297s] INFO:colcon.colcon_core.shell:Creating environment hook '/home/zine/isro/install/map_server_node/share/map_server_node/hook/ament_prefix_path.ps1'
[0.298s] INFO:colcon.colcon_core.shell:Creating environment descriptor '/home/zine/isro/install/map_server_node/share/map_server_node/hook/ament_prefix_path.dsv'
[0.299s] INFO:colcon.colcon_core.shell:Creating environment hook '/home/zine/isro/install/map_server_node/share/map_server_node/hook/ament_prefix_path.sh'
[0.310s] INFO:colcon.colcon_core.shell:Skip shell extension 'powershell' for command environment: Not usable outside of PowerShell
[0.310s] DEBUG:colcon.colcon_core.shell:Skip shell extension 'dsv' for command environment
[0.454s] INFO:colcon.colcon_core.task.python.build:Building Python package in '/home/zine/isro/src/global_planner'
[0.454s] INFO:colcon.colcon_core.shell:Skip shell extension 'powershell' for command environment: Not usable outside of PowerShell
[0.455s] DEBUG:colcon.colcon_core.shell:Skip shell extension 'dsv' for command environment
[0.467s] DEBUG:colcon.colcon_core.event_handler.log_command:Invoking command in '/home/zine/isro/build/interfaces': CMAKE_PREFIX_PATH=${CMAKE_PREFIX_PATH}:/home/zine/isro/install/map_server_node:/home/zine/isro/install/local_planner:/home/zine/isro/install/global_planner:/opt/ros/foxy /usr/bin/cmake --build /home/zine/isro/build/interfaces -- -j12 -l12
[0.638s] INFO:colcon.colcon_core.task.python.build:Building Python package in '/home/zine/isro/src/local_planner'
[0.639s] INFO:colcon.colcon_core.shell:Skip shell extension 'powershell' for command environment: Not usable outside of PowerShell
[0.639s] DEBUG:colcon.colcon_core.shell:Skip shell extension 'dsv' for command environment
[0.815s] INFO:colcon.colcon_core.task.python.build:Building Python package in '/home/zine/isro/src/map_server_node'
[0.815s] INFO:colcon.colcon_core.shell:Skip shell extension 'powershell' for command environment: Not usable outside of PowerShell
[0.815s] DEBUG:colcon.colcon_core.shell:Skip shell extension 'dsv' for command environment
[0.840s] DEBUG:colcon.colcon_core.event_handler.log_command:Invoked command in '/home/zine/isro/build/interfaces' returned '0': CMAKE_PREFIX_PATH=${CMAKE_PREFIX_PATH}:/home/zine/isro/install/map_server_node:/home/zine/isro/install/local_planner:/home/zine/isro/install/global_planner:/opt/ros/foxy /usr/bin/cmake --build /home/zine/isro/build/interfaces -- -j12 -l12
[1.000s] DEBUG:colcon.colcon_core.event_handler.log_command:Invoking command in '/home/zine/isro/build/interfaces': CMAKE_PREFIX_PATH=${CMAKE_PREFIX_PATH}:/home/zine/isro/install/map_server_node:/home/zine/isro/install/local_planner:/home/zine/isro/install/global_planner:/opt/ros/foxy /usr/bin/cmake --install /home/zine/isro/build/interfaces
[1.071s] Level 1:colcon.colcon_core.environment:create_environment_scripts_only(interfaces)
[1.073s] DEBUG:colcon.colcon_core.event_handler.log_command:Invoked command in '/home/zine/isro/build/interfaces' returned '0': CMAKE_PREFIX_PATH=${CMAKE_PREFIX_PATH}:/home/zine/isro/install/map_server_node:/home/zine/isro/install/local_planner:/home/zine/isro/install/global_planner:/opt/ros/foxy /usr/bin/cmake --install /home/zine/isro/build/interfaces
[1.074s] Level 1:colcon.colcon_core.environment:checking '/home/zine/isro/install/interfaces' for CMake module files
[1.076s] Level 1:colcon.colcon_core.environment:checking '/home/zine/isro/install/interfaces' for CMake config files
[1.077s] Level 1:colcon.colcon_core.shell:create_environment_hook('interfaces', 'cmake_prefix_path')
[1.077s] INFO:colcon.colcon_core.shell:Creating environment hook '/home/zine/isro/install/interfaces/share/interfaces/hook/cmake_prefix_path.ps1'
[1.077s] INFO:colcon.colcon_core.shell:Creating environment descriptor '/home/zine/isro/install/interfaces/share/interfaces/hook/cmake_prefix_path.dsv'
[1.078s] INFO:colcon.colcon_core.shell:Creating environment hook '/home/zine/isro/install/interfaces/share/interfaces/hook/cmake_prefix_path.sh'
[1.078s] Level 1:colcon.colcon_core.environment:checking '/home/zine/isro/install/interfaces/lib'
[1.079s] Level 1:colcon.colcon_core.shell:create_environment_hook('interfaces', 'ld_library_path_lib')
[1.079s] INFO:colcon.colcon_core.shell:Creating environment hook '/home/zine/isro/install/interfaces/share/interfaces/hook/ld_library_path_lib.ps1'
[1.079s] INFO:colcon.colcon_core.shell:Creating environment descriptor '/home/zine/isro/install/interfaces/share/interfaces/hook/ld_library_path_lib.dsv'
[1.080s] INFO:colcon.colcon_core.shell:Creating environment hook '/home/zine/isro/install/interfaces/share/interfaces/hook/ld_library_path_lib.sh'
[1.080s] Level 1:colcon.colcon_core.environment:checking '/home/zine/isro/install/interfaces/bin'
[1.080s] Level 1:colcon.colcon_core.environment:checking '/home/zine/isro/install/interfaces/lib/pkgconfig/interfaces.pc'
[1.080s] Level 1:colcon.colcon_core.environment:checking '/home/zine/isro/install/interfaces/lib/python3.8/site-packages'
[1.081s] Level 1:colcon.colcon_core.shell:create_environment_hook('interfaces', 'pythonpath')
[1.081s] INFO:colcon.colcon_core.shell:Creating environment hook '/home/zine/isro/install/interfaces/share/interfaces/hook/pythonpath.ps1'
[1.081s] INFO:colcon.colcon_core.shell:Creating environment descriptor '/home/zine/isro/install/interfaces/share/interfaces/hook/pythonpath.dsv'
[1.081s] INFO:colcon.colcon_core.shell:Creating environment hook '/home/zine/isro/install/interfaces/share/interfaces/hook/pythonpath.sh'
[1.082s] Level 1:colcon.colcon_core.environment:checking '/home/zine/isro/install/interfaces/bin'
[1.083s] INFO:colcon.colcon_core.shell:Creating package script '/home/zine/isro/install/interfaces/share/interfaces/package.ps1'
[1.083s] INFO:colcon.colcon_core.shell:Creating package descriptor '/home/zine/isro/install/interfaces/share/interfaces/package.dsv'
[1.084s] INFO:colcon.colcon_core.shell:Creating package script '/home/zine/isro/install/interfaces/share/interfaces/package.sh'
[1.085s] INFO:colcon.colcon_core.shell:Creating package script '/home/zine/isro/install/interfaces/share/interfaces/package.bash'
[1.085s] INFO:colcon.colcon_core.shell:Creating package script '/home/zine/isro/install/interfaces/share/interfaces/package.zsh'
[1.086s] Level 1:colcon.colcon_core.environment:create_file_with_runtime_dependencies(/home/zine/isro/install/interfaces/share/colcon-core/packages/interfaces)
[1.159s] DEBUG:colcon.colcon_core.event_handler.log_command:Invoking command in '/home/zine/isro/build/global_planner': PYTHONPATH=/home/zine/isro/build/global_planner/prefix_override:/home/zine/isro/install/global_planner/lib/python3.8/site-packages:${PYTHONPATH} /usr/bin/python3 -W ignore:setup.py install is deprecated setup.py develop --editable --build-directory /home/zine/isro/build/global_planner/build --no-deps symlink_data
[1.163s] Level 1:colcon.colcon_core.environment:create_environment_scripts_only(interfaces)
[1.163s] Level 1:colcon.colcon_core.environment:checking '/home/zine/isro/install/interfaces' for CMake module files
[1.164s] Level 1:colcon.colcon_core.environment:checking '/home/zine/isro/install/interfaces' for CMake config files
[1.164s] Level 1:colcon.colcon_core.shell:create_environment_hook('interfaces', 'cmake_prefix_path')
[1.164s] INFO:colcon.colcon_core.shell:Creating environment hook '/home/zine/isro/install/interfaces/share/interfaces/hook/cmake_prefix_path.ps1'
[1.165s] INFO:colcon.colcon_core.shell:Creating environment descriptor '/home/zine/isro/install/interfaces/share/interfaces/hook/cmake_prefix_path.dsv'
[1.165s] INFO:colcon.colcon_core.shell:Creating environment hook '/home/zine/isro/install/interfaces/share/interfaces/hook/cmake_prefix_path.sh'
[1.166s] Level 1:colcon.colcon_core.environment:checking '/home/zine/isro/install/interfaces/lib'
[1.166s] Level 1:colcon.colcon_core.shell:create_environment_hook('interfaces', 'ld_library_path_lib')
[1.167s] INFO:colcon.colcon_core.shell:Creating environment hook '/home/zine/isro/install/interfaces/share/interfaces/hook/ld_library_path_lib.ps1'
[1.169s] INFO:colcon.colcon_core.shell:Creating environment descriptor '/home/zine/isro/install/interfaces/share/interfaces/hook/ld_library_path_lib.dsv'
[1.172s] INFO:colcon.colcon_core.shell:Creating environment hook '/home/zine/isro/install/interfaces/share/interfaces/hook/ld_library_path_lib.sh'
[1.184s] Level 1:colcon.colcon_core.environment:checking '/home/zine/isro/install/interfaces/bin'
[1.185s] Level 1:colcon.colcon_core.environment:checking '/home/zine/isro/install/interfaces/lib/pkgconfig/interfaces.pc'
[1.185s] Level 1:colcon.colcon_core.environment:checking '/home/zine/isro/install/interfaces/lib/python3.8/site-packages'
[1.185s] Level 1:colcon.colcon_core.shell:create_environment_hook('interfaces', 'pythonpath')
[1.186s] INFO:colcon.colcon_core.shell:Creating environment hook '/home/zine/isro/install/interfaces/share/interfaces/hook/pythonpath.ps1'
[1.187s] INFO:colcon.colcon_core.shell:Creating environment descriptor '/home/zine/isro/install/interfaces/share/interfaces/hook/pythonpath.dsv'
[1.187s] INFO:colcon.colcon_core.shell:Creating environment hook '/home/zine/isro/install/interfaces/share/interfaces/hook/pythonpath.sh'
[1.188s] Level 1:colcon.colcon_core.environment:checking '/home/zine/isro/install/interfaces/bin'
[1.188s] INFO:colcon.colcon_core.shell:Creating package script '/home/zine/isro/install/interfaces/share/interfaces/package.ps1'
[1.189s] INFO:colcon.colcon_core.shell:Creating package descriptor '/home/zine/isro/install/interfaces/share/interfaces/package.dsv'
[1.189s] INFO:colcon.colcon_core.shell:Creating package script '/home/zine/isro/install/interfaces/share/interfaces/package.sh'
[1.190s] INFO:colcon.colcon_core.shell:Creating package script '/home/zine/isro/install/interfaces/share/interfaces/package.bash'
[1.190s] INFO:colcon.colcon_core.shell:Creating package script '/home/zine/isro/install/interfaces/share/interfaces/package.zsh'
[1.191s] Level 1:colcon.colcon_core.environment:create_file_with_runtime_dependencies(/home/zine/isro/install/interfaces/share/colcon-core/packages/interfaces)
[1.248s] DEBUG:colcon.colcon_core.event_handler.log_command:Invoking command in '/home/zine/isro/build/local_planner': PYTHONPATH=/home/zine/isro/build/local_planner/prefix_override:/home/zine/isro/install/local_planner/lib/python3.8/site-packages:${PYTHONPATH} /usr/bin/python3 -W ignore:setup.py install is deprecated setup.py develop --editable --build-directory /home/zine/isro/build/local_planner/build --no-deps symlink_data
[1.278s] DEBUG:colcon.colcon_core.event_handler.log_command:Invoking command in '/home/zine/isro/build/map_server_node': PYTHONPATH=/home/zine/isro/build/map_server_node/prefix_override:/home/zine/isro/install/map_server_node/lib/python3.8/site-packages:${PYTHONPATH} /usr/bin/python3 -W ignore:setup.py install is deprecated setup.py develop --editable --build-directory /home/zine/isro/build/map_server_node/build --no-deps symlink_data
[1.523s] Level 1:colcon.colcon_core.shell:create_environment_hook('global_planner', 'pythonpath_develop')
[1.524s] INFO:colcon.colcon_core.shell:Creating environment hook '/home/zine/isro/build/global_planner/share/global_planner/hook/pythonpath_develop.ps1'
[1.524s] INFO:colcon.colcon_core.shell:Creating environment descriptor '/home/zine/isro/build/global_planner/share/global_planner/hook/pythonpath_develop.dsv'
[1.525s] INFO:colcon.colcon_core.shell:Creating environment hook '/home/zine/isro/build/global_planner/share/global_planner/hook/pythonpath_develop.sh'
[1.526s] Level 1:colcon.colcon_core.environment:checking '/home/zine/isro/install/global_planner' for CMake module files
[1.526s] Level 1:colcon.colcon_core.environment:checking '/home/zine/isro/install/global_planner' for CMake config files
[1.526s] Level 1:colcon.colcon_core.environment:checking '/home/zine/isro/install/global_planner/lib'
[1.526s] Level 1:colcon.colcon_core.environment:checking '/home/zine/isro/install/global_planner/bin'
[1.526s] Level 1:colcon.colcon_core.environment:checking '/home/zine/isro/install/global_planner/lib/pkgconfig/global_planner.pc'
[1.526s] Level 1:colcon.colcon_core.environment:checking '/home/zine/isro/install/global_planner/lib/python3.8/site-packages'
[1.527s] Level 1:colcon.colcon_core.shell:create_environment_hook('global_planner', 'pythonpath')
[1.527s] INFO:colcon.colcon_core.shell:Creating environment hook '/home/zine/isro/install/global_planner/share/global_planner/hook/pythonpath.ps1'
[1.527s] INFO:colcon.colcon_core.shell:Creating environment descriptor '/home/zine/isro/install/global_planner/share/global_planner/hook/pythonpath.dsv'
[1.527s] INFO:colcon.colcon_core.shell:Creating environment hook '/home/zine/isro/install/global_planner/share/global_planner/hook/pythonpath.sh'
[1.528s] Level 1:colcon.colcon_core.environment:checking '/home/zine/isro/install/global_planner/bin'
[1.528s] Level 1:colcon.colcon_core.environment:create_environment_scripts_only(global_planner)
[1.528s] INFO:colcon.colcon_core.shell:Creating package script '/home/zine/isro/install/global_planner/share/global_planner/package.ps1'
[1.529s] INFO:colcon.colcon_core.shell:Creating package descriptor '/home/zine/isro/install/global_planner/share/global_planner/package.dsv'
[1.529s] INFO:colcon.colcon_core.shell:Creating package script '/home/zine/isro/install/global_planner/share/global_planner/package.sh'
[1.530s] INFO:colcon.colcon_core.shell:Creating package script '/home/zine/isro/install/global_planner/share/global_planner/package.bash'
[1.531s] INFO:colcon.colcon_core.shell:Creating package script '/home/zine/isro/install/global_planner/share/global_planner/package.zsh'
[1.531s] Level 1:colcon.colcon_core.environment:create_file_with_runtime_dependencies(/home/zine/isro/install/global_planner/share/colcon-core/packages/global_planner)
[1.532s] DEBUG:colcon.colcon_core.event_handler.log_command:Invoked command in '/home/zine/isro/build/global_planner' returned '0': PYTHONPATH=/home/zine/isro/build/global_planner/prefix_override:/home/zine/isro/install/global_planner/lib/python3.8/site-packages:${PYTHONPATH} /usr/bin/python3 -W ignore:setup.py install is deprecated setup.py develop --editable --build-directory /home/zine/isro/build/global_planner/build --no-deps symlink_data
[1.568s] Level 1:colcon.colcon_core.shell:create_environment_hook('local_planner', 'pythonpath_develop')
[1.568s] INFO:colcon.colcon_core.shell:Creating environment hook '/home/zine/isro/build/local_planner/share/local_planner/hook/pythonpath_develop.ps1'
[1.569s] INFO:colcon.colcon_core.shell:Creating environment descriptor '/home/zine/isro/build/local_planner/share/local_planner/hook/pythonpath_develop.dsv'
[1.575s] INFO:colcon.colcon_core.shell:Creating environment hook '/home/zine/isro/build/local_planner/share/local_planner/hook/pythonpath_develop.sh'
[1.577s] Level 1:colcon.colcon_core.environment:checking '/home/zine/isro/install/local_planner' for CMake module files
[1.577s] Level 1:colcon.colcon_core.environment:checking '/home/zine/isro/install/local_planner' for CMake config files
[1.577s] Level 1:colcon.colcon_core.environment:checking '/home/zine/isro/install/local_planner/lib'
[1.577s] Level 1:colcon.colcon_core.environment:checking '/home/zine/isro/install/local_planner/bin'
[1.577s] Level 1:colcon.colcon_core.environment:checking '/home/zine/isro/install/local_planner/lib/pkgconfig/local_planner.pc'
[1.578s] Level 1:colcon.colcon_core.environment:checking '/home/zine/isro/install/local_planner/lib/python3.8/site-packages'
[1.578s] Level 1:colcon.colcon_core.shell:create_environment_hook('local_planner', 'pythonpath')
[1.578s] INFO:colcon.colcon_core.shell:Creating environment hook '/home/zine/isro/install/local_planner/share/local_planner/hook/pythonpath.ps1'
[1.578s] DEBUG:colcon.colcon_core.event_handler.log_command:Invoked command in '/home/zine/isro/build/local_planner' returned '0': PYTHONPATH=/home/zine/isro/build/local_planner/prefix_override:/home/zine/isro/install/local_planner/lib/python3.8/site-packages:${PYTHONPATH} /usr/bin/python3 -W ignore:setup.py install is deprecated setup.py develop --editable --build-directory /home/zine/isro/build/local_planner/build --no-deps symlink_data
[1.579s] INFO:colcon.colcon_core.shell:Creating environment descriptor '/home/zine/isro/install/local_planner/share/local_planner/hook/pythonpath.dsv'
[1.579s] INFO:colcon.colcon_core.shell:Creating environment hook '/home/zine/isro/install/local_planner/share/local_planner/hook/pythonpath.sh'
[1.580s] Level 1:colcon.colcon_core.environment:checking '/home/zine/isro/install/local_planner/bin'
[1.580s] Level 1:colcon.colcon_core.environment:create_environment_scripts_only(local_planner)
[1.580s] INFO:colcon.colcon_core.shell:Creating package script '/home/zine/isro/install/local_planner/share/local_planner/package.ps1'
[1.581s] INFO:colcon.colcon_core.shell:Creating package descriptor '/home/zine/isro/install/local_planner/share/local_planner/package.dsv'
[1.583s] INFO:colcon.colcon_core.shell:Creating package script '/home/zine/isro/install/local_planner/share/local_planner/package.sh'
[1.584s] INFO:colcon.colcon_core.shell:Creating package script '/home/zine/isro/install/local_planner/share/local_planner/package.bash'
[1.584s] INFO:colcon.colcon_core.shell:Creating package script '/home/zine/isro/install/local_planner/share/local_planner/package.zsh'
[1.584s] Level 1:colcon.colcon_core.environment:create_file_with_runtime_dependencies(/home/zine/isro/install/local_planner/share/colcon-core/packages/local_planner)
[1.624s] Level 1:colcon.colcon_core.shell:create_environment_hook('map_server_node', 'pythonpath_develop')
[1.624s] DEBUG:colcon.colcon_core.event_handler.log_command:Invoked command in '/home/zine/isro/build/map_server_node' returned '0': PYTHONPATH=/home/zine/isro/build/map_server_node/prefix_override:/home/zine/isro/install/map_server_node/lib/python3.8/site-packages:${PYTHONPATH} /usr/bin/python3 -W ignore:setup.py install is deprecated setup.py develop --editable --build-directory /home/zine/isro/build/map_server_node/build --no-deps symlink_data
[1.624s] INFO:colcon.colcon_core.shell:Creating environment hook '/home/zine/isro/build/map_server_node/share/map_server_node/hook/pythonpath_develop.ps1'
[1.625s] INFO:colcon.colcon_core.shell:Creating environment descriptor '/home/zine/isro/build/map_server_node/share/map_server_node/hook/pythonpath_develop.dsv'
[1.625s] INFO:colcon.colcon_core.shell:Creating environment hook '/home/zine/isro/build/map_server_node/share/map_server_node/hook/pythonpath_develop.sh'
[1.627s] Level 1:colcon.colcon_core.environment:checking '/home/zine/isro/install/map_server_node' for CMake module files
[1.627s] Level 1:colcon.colcon_core.environment:checking '/home/zine/isro/install/map_server_node' for CMake config files
[1.628s] Level 1:colcon.colcon_core.environment:checking '/home/zine/isro/install/map_server_node/lib'
[1.628s] Level 1:colcon.colcon_core.environment:checking '/home/zine/isro/install/map_server_node/bin'
[1.628s] Level 1:colcon.colcon_core.environment:checking '/home/zine/isro/install/map_server_node/lib/pkgconfig/map_server_node.pc'
[1.628s] Level 1:colcon.colcon_core.environment:checking '/home/zine/isro/install/map_server_node/lib/python3.8/site-packages'
[1.628s] Level 1:colcon.colcon_core.shell:create_environment_hook('map_server_node', 'pythonpath')
[1.628s] INFO:colcon.colcon_core.shell:Creating environment hook '/home/zine/isro/install/map_server_node/share/map_server_node/hook/pythonpath.ps1'
[1.628s] INFO:colcon.colcon_core.shell:Creating environment descriptor '/home/zine/isro/install/map_server_node/share/map_server_node/hook/pythonpath.dsv'
[1.629s] INFO:colcon.colcon_core.shell:Creating environment hook '/home/zine/isro/install/map_server_node/share/map_server_node/hook/pythonpath.sh'
[1.629s] Level 1:colcon.colcon_core.environment:checking '/home/zine/isro/install/map_server_node/bin'
[1.630s] Level 1:colcon.colcon_core.environment:create_environment_scripts_only(map_server_node)
[1.630s] INFO:colcon.colcon_core.shell:Creating package script '/home/zine/isro/install/map_server_node/share/map_server_node/package.ps1'
[1.630s] INFO:colcon.colcon_core.shell:Creating package descriptor '/home/zine/isro/install/map_server_node/share/map_server_node/package.dsv'
[1.631s] INFO:colcon.colcon_core.shell:Creating package script '/home/zine/isro/install/map_server_node/share/map_server_node/package.sh'
[1.631s] INFO:colcon.colcon_core.shell:Creating package script '/home/zine/isro/install/map_server_node/share/map_server_node/package.bash'
[1.632s] INFO:colcon.colcon_core.shell:Creating package script '/home/zine/isro/install/map_server_node/share/map_server_node/package.zsh'
[1.632s] Level 1:colcon.colcon_core.environment:create_file_with_runtime_dependencies(/home/zine/isro/install/map_server_node/share/colcon-core/packages/map_server_node)
[1.633s] DEBUG:colcon.colcon_parallel_executor.executor.parallel:closing loop
[1.633s] DEBUG:colcon.colcon_parallel_executor.executor.parallel:loop closed
[1.635s] DEBUG:colcon.colcon_parallel_executor.executor.parallel:run_until_complete finished with '0'
[1.635s] DEBUG:colcon.colcon_core.event_reactor:joining thread
[1.643s] INFO:colcon.colcon_core.plugin_system:Skipping extension 'colcon_notification.desktop_notification.terminal_notifier': Not used on non-Darwin systems
[1.644s] INFO:colcon.colcon_core.plugin_system:Skipping extension 'colcon_notification.desktop_notification.win32': Not used on non-Windows systems
[1.644s] INFO:colcon.colcon_notification.desktop_notification:Sending desktop notification using 'notify2'
[1.660s] DEBUG:colcon.colcon_core.event_reactor:joined thread
[1.661s] INFO:colcon.colcon_core.shell:Creating prefix script '/home/zine/isro/install/local_setup.ps1'
[1.662s] INFO:colcon.colcon_core.shell:Creating prefix util module '/home/zine/isro/install/_local_setup_util_ps1.py'
[1.663s] INFO:colcon.colcon_core.shell:Creating prefix chain script '/home/zine/isro/install/setup.ps1'
[1.664s] INFO:colcon.colcon_core.shell:Creating prefix script '/home/zine/isro/install/local_setup.sh'
[1.665s] INFO:colcon.colcon_core.shell:Creating prefix util module '/home/zine/isro/install/_local_setup_util_sh.py'
[1.665s] INFO:colcon.colcon_core.shell:Creating prefix chain script '/home/zine/isro/install/setup.sh'
[1.669s] INFO:colcon.colcon_core.shell:Creating prefix script '/home/zine/isro/install/local_setup.bash'
[1.670s] INFO:colcon.colcon_core.shell:Creating prefix chain script '/home/zine/isro/install/setup.bash'
[1.676s] INFO:colcon.colcon_core.shell:Creating prefix script '/home/zine/isro/install/local_setup.zsh'
[1.676s] INFO:colcon.colcon_core.shell:Creating prefix chain script '/home/zine/isro/install/setup.zsh'
