[1.165s] Invoking command in '/home/zine/isro/build/local_planner': PYTHONPATH=/home/zine/isro/build/local_planner/prefix_override:/home/zine/isro/install/local_planner/lib/python3.8/site-packages:${PYTHONPATH} /usr/bin/python3 -W ignore:setup.py install is deprecated setup.py develop --uninstall --editable --build-directory /home/zine/isro/build/local_planner/build
[1.366s] running develop
[1.466s] Removing /home/zine/isro/install/local_planner/lib/python3.8/site-packages/local-planner.egg-link (link to .)
[1.496s] Invoked command in '/home/zine/isro/build/local_planner' returned '0': PYTHONPATH=/home/zine/isro/build/local_planner/prefix_override:/home/zine/isro/install/local_planner/lib/python3.8/site-packages:${PYTHONPATH} /usr/bin/python3 -W ignore:setup.py install is deprecated setup.py develop --uninstall --editable --build-directory /home/zine/isro/build/local_planner/build
[1.501s] Invoking command in '/home/zine/isro/src/local_planner': PYTHONPATH=/home/zine/isro/build/local_planner/prefix_override:/home/zine/isro/install/local_planner/lib/python3.8/site-packages:${PYTHONPATH} /usr/bin/python3 -W ignore:setup.py install is deprecated setup.py egg_info --egg-base ../../build/local_planner build --build-base /home/zine/isro/build/local_planner/build install --record /home/zine/isro/build/local_planner/install.log --single-version-externally-managed install_data --force
[1.827s] running egg_info
[1.827s] writing ../../build/local_planner/local_planner.egg-info/PKG-INFO
[1.827s] writing dependency_links to ../../build/local_planner/local_planner.egg-info/dependency_links.txt
[1.827s] writing entry points to ../../build/local_planner/local_planner.egg-info/entry_points.txt
[1.827s] writing requirements to ../../build/local_planner/local_planner.egg-info/requires.txt
[1.827s] writing top-level names to ../../build/local_planner/local_planner.egg-info/top_level.txt
[1.922s] reading manifest file '../../build/local_planner/local_planner.egg-info/SOURCES.txt'
[2.015s] writing manifest file '../../build/local_planner/local_planner.egg-info/SOURCES.txt'
[2.015s] running build
[2.015s] running build_py
[2.015s] creating /home/zine/isro/build/local_planner/build
[2.016s] creating /home/zine/isro/build/local_planner/build/lib
[2.016s] creating /home/zine/isro/build/local_planner/build/lib/local_planner
[2.016s] copying local_planner/__init__.py -> /home/zine/isro/build/local_planner/build/lib/local_planner
[2.016s] copying local_planner/controller_node.py -> /home/zine/isro/build/local_planner/build/lib/local_planner
[2.016s] running install
[2.016s] running install_lib
[2.016s] creating /home/zine/isro/install/local_planner/lib/python3.8/site-packages/local_planner
[2.016s] copying /home/zine/isro/build/local_planner/build/lib/local_planner/__init__.py -> /home/zine/isro/install/local_planner/lib/python3.8/site-packages/local_planner
[2.016s] copying /home/zine/isro/build/local_planner/build/lib/local_planner/controller_node.py -> /home/zine/isro/install/local_planner/lib/python3.8/site-packages/local_planner
[2.016s] byte-compiling /home/zine/isro/install/local_planner/lib/python3.8/site-packages/local_planner/__init__.py to __init__.cpython-38.pyc
[2.016s] byte-compiling /home/zine/isro/install/local_planner/lib/python3.8/site-packages/local_planner/controller_node.py to controller_node.cpython-38.pyc
[2.016s] running install_data
[2.016s] copying resource/local_planner -> /home/zine/isro/install/local_planner/share/ament_index/resource_index/packages
[2.016s] copying package.xml -> /home/zine/isro/install/local_planner/share/local_planner
[2.016s] running install_egg_info
[2.016s] Copying ../../build/local_planner/local_planner.egg-info to /home/zine/isro/install/local_planner/lib/python3.8/site-packages/local_planner-0.0.0-py3.8.egg-info
[2.016s] running install_scripts
[2.026s] writing list of installed files to '/home/zine/isro/build/local_planner/install.log'
[2.084s] Invoked command in '/home/zine/isro/src/local_planner' returned '0': PYTHONPATH=/home/zine/isro/build/local_planner/prefix_override:/home/zine/isro/install/local_planner/lib/python3.8/site-packages:${PYTHONPATH} /usr/bin/python3 -W ignore:setup.py install is deprecated setup.py egg_info --egg-base ../../build/local_planner build --build-base /home/zine/isro/build/local_planner/build install --record /home/zine/isro/build/local_planner/install.log --single-version-externally-managed install_data --force
