[0.520s] Invoking command in '/home/zine/isro/build/sam_bot_description': CMAKE_PREFIX_PATH=${CMAKE_PREFIX_PATH}:/home/zine/isro/install/map_server_node:/home/zine/isro/install/local_planner:/home/zine/isro/install/global_planner:/opt/ros/foxy /usr/bin/cmake --build /home/zine/isro/build/sam_bot_description -- -j12 -l12
[0.559s] Invoked command in '/home/zine/isro/build/sam_bot_description' returned '0': CMAKE_PREFIX_PATH=${CMAKE_PREFIX_PATH}:/home/zine/isro/install/map_server_node:/home/zine/isro/install/local_planner:/home/zine/isro/install/global_planner:/opt/ros/foxy /usr/bin/cmake --build /home/zine/isro/build/sam_bot_description -- -j12 -l12
[0.639s] Invoking command in '/home/zine/isro/build/sam_bot_description': CMAKE_PREFIX_PATH=${CMAKE_PREFIX_PATH}:/home/zine/isro/install/map_server_node:/home/zine/isro/install/local_planner:/home/zine/isro/install/global_planner:/opt/ros/foxy /usr/bin/cmake --install /home/zine/isro/build/sam_bot_description
[0.670s] -- Install configuration: ""
[0.670s] -- Up-to-date: /home/zine/isro/install/sam_bot_description/share/sam_bot_description/src
[0.670s] -- Up-to-date: /home/zine/isro/install/sam_bot_description/share/sam_bot_description/src/description
[0.670s] -- Installing: /home/zine/isro/install/sam_bot_description/share/sam_bot_description/src/description/sam_bot_description.urdf
[0.670s] -- Up-to-date: /home/zine/isro/install/sam_bot_description/share/sam_bot_description/launch
[0.671s] -- Installing: /home/zine/isro/install/sam_bot_description/share/sam_bot_description/launch/display.launch.py
[0.671s] -- Up-to-date: /home/zine/isro/install/sam_bot_description/share/sam_bot_description/rviz
[0.671s] -- Up-to-date: /home/zine/isro/install/sam_bot_description/share/sam_bot_description/rviz/urdf_config.rviz
[0.671s] -- Up-to-date: /home/zine/isro/install/sam_bot_description/share/ament_index/resource_index/package_run_dependencies/sam_bot_description
[0.671s] -- Up-to-date: /home/zine/isro/install/sam_bot_description/share/ament_index/resource_index/parent_prefix_path/sam_bot_description
[0.672s] -- Up-to-date: /home/zine/isro/install/sam_bot_description/share/sam_bot_description/environment/ament_prefix_path.sh
[0.672s] -- Up-to-date: /home/zine/isro/install/sam_bot_description/share/sam_bot_description/environment/ament_prefix_path.dsv
[0.672s] -- Up-to-date: /home/zine/isro/install/sam_bot_description/share/sam_bot_description/environment/path.sh
[0.672s] -- Up-to-date: /home/zine/isro/install/sam_bot_description/share/sam_bot_description/environment/path.dsv
[0.672s] -- Up-to-date: /home/zine/isro/install/sam_bot_description/share/sam_bot_description/local_setup.bash
[0.672s] -- Up-to-date: /home/zine/isro/install/sam_bot_description/share/sam_bot_description/local_setup.sh
[0.672s] -- Up-to-date: /home/zine/isro/install/sam_bot_description/share/sam_bot_description/local_setup.zsh
[0.673s] -- Up-to-date: /home/zine/isro/install/sam_bot_description/share/sam_bot_description/local_setup.dsv
[0.674s] -- Installing: /home/zine/isro/install/sam_bot_description/share/sam_bot_description/package.dsv
[0.674s] -- Up-to-date: /home/zine/isro/install/sam_bot_description/share/ament_index/resource_index/packages/sam_bot_description
[0.674s] -- Up-to-date: /home/zine/isro/install/sam_bot_description/share/sam_bot_description/cmake/sam_bot_descriptionConfig.cmake
[0.674s] -- Up-to-date: /home/zine/isro/install/sam_bot_description/share/sam_bot_description/cmake/sam_bot_descriptionConfig-version.cmake
[0.674s] -- Up-to-date: /home/zine/isro/install/sam_bot_description/share/sam_bot_description/package.xml
[0.674s] Invoked command in '/home/zine/isro/build/sam_bot_description' returned '0': CMAKE_PREFIX_PATH=${CMAKE_PREFIX_PATH}:/home/zine/isro/install/map_server_node:/home/zine/isro/install/local_planner:/home/zine/isro/install/global_planner:/opt/ros/foxy /usr/bin/cmake --install /home/zine/isro/build/sam_bot_description
