[0.256s] Invoking command in '/home/zine/isro/build/interfaces': CMAKE_PREFIX_PATH=${CMAKE_PREFIX_PATH}:/home/zine/isro/install/map_server_node:/home/zine/isro/install/local_planner:/home/zine/isro/install/global_planner:/opt/ros/foxy /usr/bin/cmake /home/zine/isro/src/interfaces -DCMAKE_INSTALL_PREFIX=/home/zine/isro/install/interfaces
[0.571s] -- Found ament_cmake: 0.9.12 (/opt/ros/foxy/share/ament_cmake/cmake)
[0.571s] -- Found PythonInterp: /usr/bin/python3 (found suitable version "3.8.10", minimum required is "3") 
[0.571s] -- Using PYTHON_EXECUTABLE: /usr/bin/python3
[0.572s] -- Override CMake install command with custom implementation using symlinks instead of copying resources
[0.572s] -- Found geometry_msgs: 2.0.5 (/opt/ros/foxy/share/geometry_msgs/cmake)
[0.572s] -- Using all available rosidl_typesupport_c: rosidl_typesupport_fastrtps_c;rosidl_typesupport_introspection_c
[0.572s] -- Found rosidl_adapter: 1.3.1 (/opt/ros/foxy/share/rosidl_adapter/cmake)
[0.839s] -- Using all available rosidl_typesupport_cpp: rosidl_typesupport_fastrtps_cpp;rosidl_typesupport_introspection_cpp
[0.979s] -- Found rosidl_default_generators: 1.0.1 (/opt/ros/foxy/share/rosidl_default_generators/cmake)
[1.015s] -- Found PythonInterp: /usr/bin/python3 (found version "3.8.10") 
[1.307s] -- Found ament_cmake_ros: 0.9.2 (/opt/ros/foxy/share/ament_cmake_ros/cmake)
[1.628s] -- Using all available rosidl_typesupport_c: rosidl_typesupport_fastrtps_c;rosidl_typesupport_introspection_c
[1.927s] -- Using all available rosidl_typesupport_cpp: rosidl_typesupport_fastrtps_cpp;rosidl_typesupport_introspection_cpp
[2.022s] -- Found PythonInterp: /usr/bin/python3 (found suitable version "3.8.10", minimum required is "3.5") 
[2.024s] -- Found python_cmake_module: 0.8.1 (/opt/ros/foxy/share/python_cmake_module/cmake)
[2.173s] -- Using PYTHON_EXECUTABLE: /usr/bin/python3
[2.173s] -- Using PYTHON_INCLUDE_DIRS: /usr/include/python3.8
[2.173s] -- Using PYTHON_LIBRARIES: /usr/lib/x86_64-linux-gnu/libpython3.8.so
[2.480s] -- Found ament_lint_auto: 0.9.8 (/opt/ros/foxy/share/ament_lint_auto/cmake)
[2.931s] -- Added test 'lint_cmake' to check CMake code style
[2.934s] -- Added test 'xmllint' to check XML markup files
[2.971s] -- Configuring done
[3.517s] -- Generating done
[3.522s] -- Build files have been written to: /home/zine/isro/build/interfaces
[3.527s] Invoked command in '/home/zine/isro/build/interfaces' returned '0': CMAKE_PREFIX_PATH=${CMAKE_PREFIX_PATH}:/home/zine/isro/install/map_server_node:/home/zine/isro/install/local_planner:/home/zine/isro/install/global_planner:/opt/ros/foxy /usr/bin/cmake /home/zine/isro/src/interfaces -DCMAKE_INSTALL_PREFIX=/home/zine/isro/install/interfaces
[3.530s] Invoking command in '/home/zine/isro/build/interfaces': CMAKE_PREFIX_PATH=${CMAKE_PREFIX_PATH}:/home/zine/isro/install/map_server_node:/home/zine/isro/install/local_planner:/home/zine/isro/install/global_planner:/opt/ros/foxy /usr/bin/cmake --build /home/zine/isro/build/interfaces -- -j12 -l12
[3.576s] [  3%] Built target interfaces__cpp
[3.579s] [ 12%] Built target interfaces__rosidl_generator_c
[3.728s] [ 22%] Built target interfaces__rosidl_typesupport_fastrtps_cpp
[3.744s] [ 32%] Built target interfaces__rosidl_typesupport_introspection_cpp
[3.754s] [ 41%] Built target interfaces__rosidl_typesupport_cpp
[3.759s] [ 51%] Built target interfaces__rosidl_typesupport_c
[3.776s] [ 61%] Built target interfaces__rosidl_typesupport_introspection_c
[3.806s] [ 70%] Built target interfaces__rosidl_typesupport_fastrtps_c
[3.827s] [ 70%] Built target interfaces
[3.845s] [ 74%] Built target interfaces__py
[3.866s] [ 80%] Built target interfaces__python
[3.887s] [ 90%] Built target interfaces__rosidl_typesupport_c__pyext
[3.888s] [ 93%] Built target interfaces__rosidl_typesupport_introspection_c__pyext
[3.901s] [100%] Built target interfaces__rosidl_typesupport_fastrtps_c__pyext
[3.910s] Invoked command in '/home/zine/isro/build/interfaces' returned '0': CMAKE_PREFIX_PATH=${CMAKE_PREFIX_PATH}:/home/zine/isro/install/map_server_node:/home/zine/isro/install/local_planner:/home/zine/isro/install/global_planner:/opt/ros/foxy /usr/bin/cmake --build /home/zine/isro/build/interfaces -- -j12 -l12
[4.169s] Invoking command in '/home/zine/isro/build/interfaces': CMAKE_PREFIX_PATH=${CMAKE_PREFIX_PATH}:/home/zine/isro/install/map_server_node:/home/zine/isro/install/local_planner:/home/zine/isro/install/global_planner:/opt/ros/foxy /usr/bin/cmake --install /home/zine/isro/build/interfaces
[4.171s] -- Install configuration: ""
[4.171s] -- Execute custom install script
[4.179s] -- Up-to-date symlink: /home/zine/isro/install/interfaces/share/ament_index/resource_index/rosidl_interfaces/interfaces
[4.183s] -- Up-to-date symlink: /home/zine/isro/install/interfaces/include/interfaces/msg/rosidl_generator_c__visibility_control.h
[4.184s] -- Up-to-date symlink: /home/zine/isro/install/interfaces/include/interfaces/srv/add_object_srv.h
[4.184s] -- Up-to-date symlink: /home/zine/isro/install/interfaces/include/interfaces/srv/detail/add_object_srv__functions.h
[4.185s] -- Up-to-date symlink: /home/zine/isro/install/interfaces/include/interfaces/srv/detail/add_object_srv__struct.h
[4.185s] -- Up-to-date symlink: /home/zine/isro/install/interfaces/include/interfaces/srv/detail/add_object_srv__type_support.h
[4.186s] -- Up-to-date symlink: /home/zine/isro/install/interfaces/share/interfaces/environment/library_path.sh
[4.186s] -- Up-to-date symlink: /home/zine/isro/install/interfaces/share/interfaces/environment/library_path.dsv
[4.187s] -- Up-to-date symlink: /home/zine/isro/install/interfaces/include/interfaces/msg/rosidl_typesupport_fastrtps_c__visibility_control.h
[4.187s] -- Up-to-date symlink: /home/zine/isro/install/interfaces/include/interfaces/srv/detail/add_object_srv__rosidl_typesupport_fastrtps_c.h
[4.188s] -- Up-to-date symlink: /home/zine/isro/install/interfaces/lib/libinterfaces__rosidl_typesupport_fastrtps_c.so
[4.189s] -- Up-to-date symlink: /home/zine/isro/install/interfaces/include/interfaces/msg/rosidl_typesupport_fastrtps_cpp__visibility_control.h
[4.189s] -- Up-to-date symlink: /home/zine/isro/install/interfaces/include/interfaces/srv/detail/add_object_srv__rosidl_typesupport_fastrtps_cpp.hpp
[4.190s] -- Up-to-date symlink: /home/zine/isro/install/interfaces/lib/libinterfaces__rosidl_typesupport_fastrtps_cpp.so
[4.191s] -- Up-to-date symlink: /home/zine/isro/install/interfaces/include/interfaces/msg/rosidl_typesupport_introspection_c__visibility_control.h
[4.191s] -- Up-to-date symlink: /home/zine/isro/install/interfaces/include/interfaces/srv/detail/add_object_srv__rosidl_typesupport_introspection_c.h
[4.192s] -- Up-to-date symlink: /home/zine/isro/install/interfaces/include/interfaces/msg/rosidl_generator_cpp__visibility_control.hpp
[4.192s] -- Up-to-date symlink: /home/zine/isro/install/interfaces/include/interfaces/srv/add_object_srv.hpp
[4.193s] -- Up-to-date symlink: /home/zine/isro/install/interfaces/include/interfaces/srv/detail/add_object_srv__builder.hpp
[4.193s] -- Up-to-date symlink: /home/zine/isro/install/interfaces/include/interfaces/srv/detail/add_object_srv__struct.hpp
[4.194s] -- Up-to-date symlink: /home/zine/isro/install/interfaces/include/interfaces/srv/detail/add_object_srv__traits.hpp
[4.194s] -- Up-to-date symlink: /home/zine/isro/install/interfaces/include/interfaces/srv/detail/add_object_srv__type_support.hpp
[4.195s] -- Up-to-date symlink: /home/zine/isro/install/interfaces/include/interfaces/srv/detail/add_object_srv__rosidl_typesupport_introspection_cpp.hpp
[4.195s] -- Up-to-date symlink: /home/zine/isro/install/interfaces/share/interfaces/environment/pythonpath.sh
[4.195s] -- Up-to-date symlink: /home/zine/isro/install/interfaces/share/interfaces/environment/pythonpath.dsv
[4.195s] -- Up-to-date symlink: /home/zine/isro/install/interfaces/lib/python3.8/site-packages/interfaces/__init__.py
[4.196s] -- Up-to-date symlink: /home/zine/isro/install/interfaces/lib/python3.8/site-packages/interfaces/srv/__init__.py
[4.196s] -- Up-to-date symlink: /home/zine/isro/install/interfaces/lib/python3.8/site-packages/interfaces/srv/_add_object_srv.py
[4.196s] -- Up-to-date symlink: /home/zine/isro/install/interfaces/lib/python3.8/site-packages/interfaces/interfaces_s__rosidl_typesupport_fastrtps_c.cpython-38-x86_64-linux-gnu.so
[4.196s] -- Up-to-date symlink: /home/zine/isro/install/interfaces/lib/python3.8/site-packages/interfaces/interfaces_s__rosidl_typesupport_introspection_c.cpython-38-x86_64-linux-gnu.so
[4.197s] -- Up-to-date symlink: /home/zine/isro/install/interfaces/lib/python3.8/site-packages/interfaces/interfaces_s__rosidl_typesupport_c.cpython-38-x86_64-linux-gnu.so
[4.197s] -- Up-to-date symlink: /home/zine/isro/install/interfaces/lib/libinterfaces__python.so
[4.198s] -- Up-to-date symlink: /home/zine/isro/install/interfaces/share/interfaces/srv/AddObjectSrv.idl
[4.199s] -- Up-to-date symlink: /home/zine/isro/install/interfaces/share/interfaces/srv/AddObjectSrv.srv
[4.199s] -- Up-to-date symlink: /home/zine/isro/install/interfaces/share/interfaces/srv/AddObjectSrv_Request.msg
[4.200s] -- Up-to-date symlink: /home/zine/isro/install/interfaces/share/interfaces/srv/AddObjectSrv_Response.msg
[4.200s] -- Up-to-date symlink: /home/zine/isro/install/interfaces/share/ament_index/resource_index/package_run_dependencies/interfaces
[4.201s] -- Up-to-date symlink: /home/zine/isro/install/interfaces/share/ament_index/resource_index/parent_prefix_path/interfaces
[4.201s] -- Up-to-date symlink: /home/zine/isro/install/interfaces/share/interfaces/environment/ament_prefix_path.sh
[4.201s] -- Up-to-date symlink: /home/zine/isro/install/interfaces/share/interfaces/environment/ament_prefix_path.dsv
[4.202s] -- Up-to-date symlink: /home/zine/isro/install/interfaces/share/interfaces/environment/path.sh
[4.202s] -- Up-to-date symlink: /home/zine/isro/install/interfaces/share/interfaces/environment/path.dsv
[4.203s] -- Up-to-date symlink: /home/zine/isro/install/interfaces/share/interfaces/local_setup.bash
[4.203s] -- Up-to-date symlink: /home/zine/isro/install/interfaces/share/interfaces/local_setup.sh
[4.204s] -- Up-to-date symlink: /home/zine/isro/install/interfaces/share/interfaces/local_setup.zsh
[4.204s] -- Up-to-date symlink: /home/zine/isro/install/interfaces/share/interfaces/local_setup.dsv
[4.204s] -- Symlinking: /home/zine/isro/install/interfaces/share/interfaces/package.dsv
[4.213s] -- Up-to-date symlink: /home/zine/isro/install/interfaces/share/ament_index/resource_index/packages/interfaces
[4.214s] -- Up-to-date symlink: /home/zine/isro/install/interfaces/share/interfaces/cmake/rosidl_cmake-extras.cmake
[4.214s] -- Up-to-date symlink: /home/zine/isro/install/interfaces/share/interfaces/cmake/ament_cmake_export_dependencies-extras.cmake
[4.215s] -- Up-to-date symlink: /home/zine/isro/install/interfaces/share/interfaces/cmake/ament_cmake_export_libraries-extras.cmake
[4.215s] -- Up-to-date symlink: /home/zine/isro/install/interfaces/share/interfaces/cmake/ament_cmake_export_targets-extras.cmake
[4.216s] -- Up-to-date symlink: /home/zine/isro/install/interfaces/share/interfaces/cmake/ament_cmake_export_include_directories-extras.cmake
[4.216s] -- Up-to-date symlink: /home/zine/isro/install/interfaces/share/interfaces/cmake/rosidl_cmake_export_typesupport_libraries-extras.cmake
[4.217s] -- Up-to-date symlink: /home/zine/isro/install/interfaces/share/interfaces/cmake/rosidl_cmake_export_typesupport_targets-extras.cmake
[4.217s] -- Up-to-date symlink: /home/zine/isro/install/interfaces/share/interfaces/cmake/interfacesConfig.cmake
[4.218s] -- Up-to-date symlink: /home/zine/isro/install/interfaces/share/interfaces/cmake/interfacesConfig-version.cmake
[4.218s] -- Up-to-date symlink: /home/zine/isro/install/interfaces/share/interfaces/package.xml
[4.219s] -- Up-to-date: /home/zine/isro/install/interfaces/lib/libinterfaces__rosidl_generator_c.so
[4.220s] -- Up-to-date: /home/zine/isro/install/interfaces/lib/libinterfaces__rosidl_typesupport_introspection_c.so
[4.221s] -- Up-to-date: /home/zine/isro/install/interfaces/lib/libinterfaces__rosidl_typesupport_c.so
[4.222s] -- Up-to-date: /home/zine/isro/install/interfaces/lib/libinterfaces__rosidl_typesupport_introspection_cpp.so
[4.223s] -- Up-to-date: /home/zine/isro/install/interfaces/lib/libinterfaces__rosidl_typesupport_cpp.so
[4.246s] Compiling '/home/zine/isro/install/interfaces/lib/python3.8/site-packages/interfaces/__init__.py'...
[4.249s] -- Up-to-date: /home/zine/isro/install/interfaces/share/interfaces/cmake/interfaces__rosidl_generator_cExport.cmake
[4.249s] -- Installing: /home/zine/isro/install/interfaces/share/interfaces/cmake/interfaces__rosidl_generator_cExport-noconfig.cmake
[4.249s] -- Up-to-date: /home/zine/isro/install/interfaces/share/interfaces/cmake/interfaces__rosidl_typesupport_introspection_cExport.cmake
[4.249s] -- Installing: /home/zine/isro/install/interfaces/share/interfaces/cmake/interfaces__rosidl_typesupport_introspection_cExport-noconfig.cmake
[4.250s] -- Up-to-date: /home/zine/isro/install/interfaces/share/interfaces/cmake/interfaces__rosidl_typesupport_cExport.cmake
[4.250s] -- Installing: /home/zine/isro/install/interfaces/share/interfaces/cmake/interfaces__rosidl_typesupport_cExport-noconfig.cmake
[4.251s] -- Up-to-date: /home/zine/isro/install/interfaces/share/interfaces/cmake/interfaces__rosidl_generator_cppExport.cmake
[4.251s] -- Up-to-date: /home/zine/isro/install/interfaces/share/interfaces/cmake/interfaces__rosidl_typesupport_introspection_cppExport.cmake
[4.251s] -- Installing: /home/zine/isro/install/interfaces/share/interfaces/cmake/interfaces__rosidl_typesupport_introspection_cppExport-noconfig.cmake
[4.252s] -- Up-to-date: /home/zine/isro/install/interfaces/share/interfaces/cmake/interfaces__rosidl_typesupport_cppExport.cmake
[4.252s] -- Installing: /home/zine/isro/install/interfaces/share/interfaces/cmake/interfaces__rosidl_typesupport_cppExport-noconfig.cmake
[4.254s] Invoked command in '/home/zine/isro/build/interfaces' returned '0': CMAKE_PREFIX_PATH=${CMAKE_PREFIX_PATH}:/home/zine/isro/install/map_server_node:/home/zine/isro/install/local_planner:/home/zine/isro/install/global_planner:/opt/ros/foxy /usr/bin/cmake --install /home/zine/isro/build/interfaces
