[1.002s] Invoking command in '/home/zine/isro/src/global_planner': PYTHONPATH=/home/zine/isro/build/global_planner/prefix_override:/home/zine/isro/install/global_planner/lib/python3.8/site-packages:${PYTHONPATH} /usr/bin/python3 -W ignore:setup.py install is deprecated setup.py egg_info --egg-base ../../build/global_planner build --build-base /home/zine/isro/build/global_planner/build install --record /home/zine/isro/build/global_planner/install.log --single-version-externally-managed install_data
[1.275s] running egg_info
[1.275s] writing ../../build/global_planner/global_planner.egg-info/PKG-INFO
[1.275s] writing dependency_links to ../../build/global_planner/global_planner.egg-info/dependency_links.txt
[1.284s] writing entry points to ../../build/global_planner/global_planner.egg-info/entry_points.txt
[1.284s] writing requirements to ../../build/global_planner/global_planner.egg-info/requires.txt
[1.289s] writing top-level names to ../../build/global_planner/global_planner.egg-info/top_level.txt
[1.348s] reading manifest file '../../build/global_planner/global_planner.egg-info/SOURCES.txt'
[1.348s] writing manifest file '../../build/global_planner/global_planner.egg-info/SOURCES.txt'
[1.348s] running build
[1.348s] running build_py
[1.348s] running install
[1.348s] running install_lib
[1.348s] running install_data
[1.348s] running install_egg_info
[1.350s] removing '/home/zine/isro/install/global_planner/lib/python3.8/site-packages/global_planner-0.0.0-py3.8.egg-info' (and everything under it)
[1.351s] Copying ../../build/global_planner/global_planner.egg-info to /home/zine/isro/install/global_planner/lib/python3.8/site-packages/global_planner-0.0.0-py3.8.egg-info
[1.351s] running install_scripts
[1.368s] writing list of installed files to '/home/zine/isro/build/global_planner/install.log'
[1.483s] Invoked command in '/home/zine/isro/src/global_planner' returned '0': PYTHONPATH=/home/zine/isro/build/global_planner/prefix_override:/home/zine/isro/install/global_planner/lib/python3.8/site-packages:${PYTHONPATH} /usr/bin/python3 -W ignore:setup.py install is deprecated setup.py egg_info --egg-base ../../build/global_planner build --build-base /home/zine/isro/build/global_planner/build install --record /home/zine/isro/build/global_planner/install.log --single-version-externally-managed install_data
