[1.746s] Invoking command in '/home/zine/isro/build/map_server_node': PYTHONPATH=/home/zine/isro/build/map_server_node/prefix_override:/home/zine/isro/install/map_server_node/lib/python3.8/site-packages:${PYTHONPATH} /usr/bin/python3 -W ignore:setup.py install is deprecated setup.py develop --uninstall --editable --build-directory /home/zine/isro/build/map_server_node/build
[2.125s] running develop
[2.465s] Removing /home/zine/isro/install/map_server_node/lib/python3.8/site-packages/map-server-node.egg-link (link to .)
[2.691s] Invoked command in '/home/zine/isro/build/map_server_node' returned '0': PYTHONPATH=/home/zine/isro/build/map_server_node/prefix_override:/home/zine/isro/install/map_server_node/lib/python3.8/site-packages:${PYTHONPATH} /usr/bin/python3 -W ignore:setup.py install is deprecated setup.py develop --uninstall --editable --build-directory /home/zine/isro/build/map_server_node/build
[2.692s] Invoking command in '/home/zine/isro/src/map_server_node': PYTHONPATH=/home/zine/isro/build/map_server_node/prefix_override:/home/zine/isro/install/map_server_node/lib/python3.8/site-packages:${PYTHONPATH} /usr/bin/python3 -W ignore:setup.py install is deprecated setup.py egg_info --egg-base ../../build/map_server_node build --build-base /home/zine/isro/build/map_server_node/build install --record /home/zine/isro/build/map_server_node/install.log --single-version-externally-managed install_data --force
[3.014s] running egg_info
[3.021s] writing ../../build/map_server_node/map_server_node.egg-info/PKG-INFO
[3.044s] writing dependency_links to ../../build/map_server_node/map_server_node.egg-info/dependency_links.txt
[3.044s] writing entry points to ../../build/map_server_node/map_server_node.egg-info/entry_points.txt
[3.044s] writing requirements to ../../build/map_server_node/map_server_node.egg-info/requires.txt
[3.044s] writing top-level names to ../../build/map_server_node/map_server_node.egg-info/top_level.txt
[3.063s] reading manifest file '../../build/map_server_node/map_server_node.egg-info/SOURCES.txt'
[3.078s] writing manifest file '../../build/map_server_node/map_server_node.egg-info/SOURCES.txt'
[3.109s] running build
[3.109s] running build_py
[3.109s] creating /home/zine/isro/build/map_server_node/build
[3.127s] creating /home/zine/isro/build/map_server_node/build/lib
[3.127s] creating /home/zine/isro/build/map_server_node/build/lib/map_server_node
[3.132s] copying map_server_node/map_node.py -> /home/zine/isro/build/map_server_node/build/lib/map_server_node
[3.155s] copying map_server_node/map_maker.py -> /home/zine/isro/build/map_server_node/build/lib/map_server_node
[3.155s] copying map_server_node/__init__.py -> /home/zine/isro/build/map_server_node/build/lib/map_server_node
[3.155s] running install
[3.155s] running install_lib
[3.159s] creating /home/zine/isro/install/map_server_node/lib/python3.8/site-packages/map_server_node
[3.159s] copying /home/zine/isro/build/map_server_node/build/lib/map_server_node/map_node.py -> /home/zine/isro/install/map_server_node/lib/python3.8/site-packages/map_server_node
[3.185s] copying /home/zine/isro/build/map_server_node/build/lib/map_server_node/map_maker.py -> /home/zine/isro/install/map_server_node/lib/python3.8/site-packages/map_server_node
[3.185s] copying /home/zine/isro/build/map_server_node/build/lib/map_server_node/__init__.py -> /home/zine/isro/install/map_server_node/lib/python3.8/site-packages/map_server_node
[3.185s] byte-compiling /home/zine/isro/install/map_server_node/lib/python3.8/site-packages/map_server_node/map_node.py to map_node.cpython-38.pyc
[3.185s] byte-compiling /home/zine/isro/install/map_server_node/lib/python3.8/site-packages/map_server_node/map_maker.py to map_maker.cpython-38.pyc
[3.205s] byte-compiling /home/zine/isro/install/map_server_node/lib/python3.8/site-packages/map_server_node/__init__.py to __init__.cpython-38.pyc
[3.205s] running install_data
[3.205s] copying resource/map_server_node -> /home/zine/isro/install/map_server_node/share/ament_index/resource_index/packages
[3.205s] copying package.xml -> /home/zine/isro/install/map_server_node/share/map_server_node
[3.205s] running install_egg_info
[3.205s] Copying ../../build/map_server_node/map_server_node.egg-info to /home/zine/isro/install/map_server_node/lib/python3.8/site-packages/map_server_node-0.0.0-py3.8.egg-info
[3.206s] running install_scripts
[3.224s] Installing map_node script to /home/zine/isro/install/map_server_node/lib/map_server_node
[3.224s] writing list of installed files to '/home/zine/isro/build/map_server_node/install.log'
[3.276s] Invoked command in '/home/zine/isro/src/map_server_node' returned '0': PYTHONPATH=/home/zine/isro/build/map_server_node/prefix_override:/home/zine/isro/install/map_server_node/lib/python3.8/site-packages:${PYTHONPATH} /usr/bin/python3 -W ignore:setup.py install is deprecated setup.py egg_info --egg-base ../../build/map_server_node build --build-base /home/zine/isro/build/map_server_node/build install --record /home/zine/isro/build/map_server_node/install.log --single-version-externally-managed install_data --force
