[0.559s] Invoking command in '/home/zine/isro/build/sam_bot_description': CMAKE_PREFIX_PATH=${CMAKE_PREFIX_PATH}:/home/zine/isro/install/map_server_node:/home/zine/isro/install/local_planner:/home/zine/isro/install/global_planner:/opt/ros/foxy /usr/bin/cmake --build /home/zine/isro/build/sam_bot_description -- -j12 -l12
[0.583s] -- Found ament_cmake: 0.9.12 (/opt/ros/foxy/share/ament_cmake/cmake)
[0.646s] -- Using PYTHON_EXECUTABLE: /usr/bin/python3
[0.762s] -- Found ament_lint_auto: 0.9.8 (/opt/ros/foxy/share/ament_lint_auto/cmake)
[0.820s] -- Added test 'copyright' to check source files copyright and LICENSE
[0.821s] -- Added test 'flake8' to check Python code syntax and style conventions
[0.821s] -- Added test 'lint_cmake' to check CMake code style
[0.821s] -- Added test 'pep257' to check Python code against some of the style conventions in PEP 257
[0.822s] -- Added test 'xmllint' to check XML markup files
[0.826s] -- Configuring done
[0.850s] -- Generating done
[0.885s] -- Build files have been written to: /home/zine/isro/build/sam_bot_description
[0.915s] Invoked command in '/home/zine/isro/build/sam_bot_description' returned '0': CMAKE_PREFIX_PATH=${CMAKE_PREFIX_PATH}:/home/zine/isro/install/map_server_node:/home/zine/isro/install/local_planner:/home/zine/isro/install/global_planner:/opt/ros/foxy /usr/bin/cmake --build /home/zine/isro/build/sam_bot_description -- -j12 -l12
[0.988s] Invoking command in '/home/zine/isro/build/sam_bot_description': CMAKE_PREFIX_PATH=${CMAKE_PREFIX_PATH}:/home/zine/isro/install/map_server_node:/home/zine/isro/install/local_planner:/home/zine/isro/install/global_planner:/opt/ros/foxy /usr/bin/cmake --install /home/zine/isro/build/sam_bot_description
[0.995s] -- Install configuration: ""
[0.999s] -- Up-to-date: /home/zine/isro/install/sam_bot_description/share/sam_bot_description/src
[0.999s] -- Up-to-date: /home/zine/isro/install/sam_bot_description/share/sam_bot_description/src/description
[1.018s] -- Installing: /home/zine/isro/install/sam_bot_description/share/sam_bot_description/src/description/sam_bot_description.urdf
[1.018s] -- Up-to-date: /home/zine/isro/install/sam_bot_description/share/sam_bot_description/launch
[1.018s] -- Installing: /home/zine/isro/install/sam_bot_description/share/sam_bot_description/launch/display.launch.py
[1.018s] -- Up-to-date: /home/zine/isro/install/sam_bot_description/share/sam_bot_description/rviz
[1.018s] -- Up-to-date: /home/zine/isro/install/sam_bot_description/share/sam_bot_description/rviz/urdf_config.rviz
[1.019s] -- Installing: /home/zine/isro/install/sam_bot_description/share/ament_index/resource_index/package_run_dependencies/sam_bot_description
[1.019s] -- Installing: /home/zine/isro/install/sam_bot_description/share/ament_index/resource_index/parent_prefix_path/sam_bot_description
[1.019s] -- Up-to-date: /home/zine/isro/install/sam_bot_description/share/sam_bot_description/environment/ament_prefix_path.sh
[1.019s] -- Installing: /home/zine/isro/install/sam_bot_description/share/sam_bot_description/environment/ament_prefix_path.dsv
[1.019s] -- Up-to-date: /home/zine/isro/install/sam_bot_description/share/sam_bot_description/environment/path.sh
[1.019s] -- Installing: /home/zine/isro/install/sam_bot_description/share/sam_bot_description/environment/path.dsv
[1.019s] -- Up-to-date: /home/zine/isro/install/sam_bot_description/share/sam_bot_description/local_setup.bash
[1.019s] -- Up-to-date: /home/zine/isro/install/sam_bot_description/share/sam_bot_description/local_setup.sh
[1.019s] -- Up-to-date: /home/zine/isro/install/sam_bot_description/share/sam_bot_description/local_setup.zsh
[1.019s] -- Installing: /home/zine/isro/install/sam_bot_description/share/sam_bot_description/local_setup.dsv
[1.022s] -- Installing: /home/zine/isro/install/sam_bot_description/share/sam_bot_description/package.dsv
[1.022s] -- Up-to-date: /home/zine/isro/install/sam_bot_description/share/ament_index/resource_index/packages/sam_bot_description
[1.022s] -- Up-to-date: /home/zine/isro/install/sam_bot_description/share/sam_bot_description/cmake/sam_bot_descriptionConfig.cmake
[1.022s] -- Up-to-date: /home/zine/isro/install/sam_bot_description/share/sam_bot_description/cmake/sam_bot_descriptionConfig-version.cmake
[1.022s] -- Installing: /home/zine/isro/install/sam_bot_description/share/sam_bot_description/package.xml
[1.031s] Invoked command in '/home/zine/isro/build/sam_bot_description' returned '0': CMAKE_PREFIX_PATH=${CMAKE_PREFIX_PATH}:/home/zine/isro/install/map_server_node:/home/zine/isro/install/local_planner:/home/zine/isro/install/global_planner:/opt/ros/foxy /usr/bin/cmake --install /home/zine/isro/build/sam_bot_description
