running develop
running egg_info
creating local_planner.egg-info
writing local_planner.egg-info/PKG-INFO
writing dependency_links to local_planner.egg-info/dependency_links.txt
writing entry points to local_planner.egg-info/entry_points.txt
writing requirements to local_planner.egg-info/requires.txt
writing top-level names to local_planner.egg-info/top_level.txt
writing manifest file 'local_planner.egg-info/SOURCES.txt'
reading manifest file 'local_planner.egg-info/SOURCES.txt'
writing manifest file 'local_planner.egg-info/SOURCES.txt'
running build_ext
Creating /home/zine/isro/install/local_planner/lib/python3.8/site-packages/site.py
Creating /home/zine/isro/install/local_planner/lib/python3.8/site-packages/local-planner.egg-link (link to .)

Installed /home/zine/isro/build/local_planner
running symlink_data
creating /home/zine/isro/install/local_planner/share/ament_index
creating /home/zine/isro/install/local_planner/share/ament_index/resource_index
creating /home/zine/isro/install/local_planner/share/ament_index/resource_index/packages
symbolically linking /home/zine/isro/build/local_planner/resource/local_planner -> /home/zine/isro/install/local_planner/share/ament_index/resource_index/packages
symbolically linking /home/zine/isro/build/local_planner/package.xml -> /home/zine/isro/install/local_planner/share/local_planner
