[1.113s] Invoking command in '/home/zine/isro/build/local_planner': PYTHONPATH=/home/zine/isro/build/local_planner/prefix_override:/home/zine/isro/install/local_planner/lib/python3.8/site-packages:${PYTHONPATH} /usr/bin/python3 -W ignore:setup.py install is deprecated setup.py develop --editable --build-directory /home/zine/isro/build/local_planner/build --no-deps symlink_data
[1.260s] running develop
[1.324s] running egg_info
[1.324s] creating local_planner.egg-info
[1.324s] writing local_planner.egg-info/PKG-INFO
[1.324s] writing dependency_links to local_planner.egg-info/dependency_links.txt
[1.325s] writing entry points to local_planner.egg-info/entry_points.txt
[1.325s] writing requirements to local_planner.egg-info/requires.txt
[1.328s] writing top-level names to local_planner.egg-info/top_level.txt
[1.333s] writing manifest file 'local_planner.egg-info/SOURCES.txt'
[1.351s] reading manifest file 'local_planner.egg-info/SOURCES.txt'
[1.353s] writing manifest file 'local_planner.egg-info/SOURCES.txt'
[1.382s] running build_ext
[1.382s] Creating /home/zine/isro/install/local_planner/lib/python3.8/site-packages/site.py
[1.384s] Creating /home/zine/isro/install/local_planner/lib/python3.8/site-packages/local-planner.egg-link (link to .)
[1.384s] 
[1.384s] Installed /home/zine/isro/build/local_planner
[1.384s] running symlink_data
[1.384s] creating /home/zine/isro/install/local_planner/share/ament_index
[1.384s] creating /home/zine/isro/install/local_planner/share/ament_index/resource_index
[1.385s] creating /home/zine/isro/install/local_planner/share/ament_index/resource_index/packages
[1.385s] symbolically linking /home/zine/isro/build/local_planner/resource/local_planner -> /home/zine/isro/install/local_planner/share/ament_index/resource_index/packages
[1.385s] symbolically linking /home/zine/isro/build/local_planner/package.xml -> /home/zine/isro/install/local_planner/share/local_planner
[1.423s] Invoked command in '/home/zine/isro/build/local_planner' returned '0': PYTHONPATH=/home/zine/isro/build/local_planner/prefix_override:/home/zine/isro/install/local_planner/lib/python3.8/site-packages:${PYTHONPATH} /usr/bin/python3 -W ignore:setup.py install is deprecated setup.py develop --editable --build-directory /home/zine/isro/build/local_planner/build --no-deps symlink_data
