running develop
running egg_info
creating map_server_node.egg-info
writing map_server_node.egg-info/PKG-INFO
writing dependency_links to map_server_node.egg-info/dependency_links.txt
writing entry points to map_server_node.egg-info/entry_points.txt
writing requirements to map_server_node.egg-info/requires.txt
writing top-level names to map_server_node.egg-info/top_level.txt
writing manifest file 'map_server_node.egg-info/SOURCES.txt'
reading manifest file 'map_server_node.egg-info/SOURCES.txt'
writing manifest file 'map_server_node.egg-info/SOURCES.txt'
running build_ext
Creating /home/zine/isro/install/map_server_node/lib/python3.8/site-packages/site.py
Creating /home/zine/isro/install/map_server_node/lib/python3.8/site-packages/map-server-node.egg-link (link to .)
Installing map_node script to /home/zine/isro/install/map_server_node/lib/map_server_node

Installed /home/zine/isro/build/map_server_node
running symlink_data
creating /home/zine/isro/install/map_server_node/share/ament_index
creating /home/zine/isro/install/map_server_node/share/ament_index/resource_index
creating /home/zine/isro/install/map_server_node/share/ament_index/resource_index/packages
symbolically linking /home/zine/isro/build/map_server_node/resource/map_server_node -> /home/zine/isro/install/map_server_node/share/ament_index/resource_index/packages
symbolically linking /home/zine/isro/build/map_server_node/package.xml -> /home/zine/isro/install/map_server_node/share/map_server_node
