[1.116s] Invoking command in '/home/zine/isro/build/map_server_node': PYTHONPATH=/home/zine/isro/build/map_server_node/prefix_override:/home/zine/isro/install/map_server_node/lib/python3.8/site-packages:${PYTHONPATH} /usr/bin/python3 -W ignore:setup.py install is deprecated setup.py develop --editable --build-directory /home/zine/isro/build/map_server_node/build --no-deps symlink_data
[1.262s] running develop
[1.329s] running egg_info
[1.329s] creating map_server_node.egg-info
[1.329s] writing map_server_node.egg-info/PKG-INFO
[1.329s] writing dependency_links to map_server_node.egg-info/dependency_links.txt
[1.329s] writing entry points to map_server_node.egg-info/entry_points.txt
[1.329s] writing requirements to map_server_node.egg-info/requires.txt
[1.329s] writing top-level names to map_server_node.egg-info/top_level.txt
[1.331s] writing manifest file 'map_server_node.egg-info/SOURCES.txt'
[1.348s] reading manifest file 'map_server_node.egg-info/SOURCES.txt'
[1.349s] writing manifest file 'map_server_node.egg-info/SOURCES.txt'
[1.369s] running build_ext
[1.369s] Creating /home/zine/isro/install/map_server_node/lib/python3.8/site-packages/site.py
[1.371s] Creating /home/zine/isro/install/map_server_node/lib/python3.8/site-packages/map-server-node.egg-link (link to .)
[1.372s] Installing map_node script to /home/zine/isro/install/map_server_node/lib/map_server_node
[1.372s] 
[1.372s] Installed /home/zine/isro/build/map_server_node
[1.372s] running symlink_data
[1.372s] creating /home/zine/isro/install/map_server_node/share/ament_index
[1.372s] creating /home/zine/isro/install/map_server_node/share/ament_index/resource_index
[1.372s] creating /home/zine/isro/install/map_server_node/share/ament_index/resource_index/packages
[1.372s] symbolically linking /home/zine/isro/build/map_server_node/resource/map_server_node -> /home/zine/isro/install/map_server_node/share/ament_index/resource_index/packages
[1.373s] symbolically linking /home/zine/isro/build/map_server_node/package.xml -> /home/zine/isro/install/map_server_node/share/map_server_node
[1.398s] Invoked command in '/home/zine/isro/build/map_server_node' returned '0': PYTHONPATH=/home/zine/isro/build/map_server_node/prefix_override:/home/zine/isro/install/map_server_node/lib/python3.8/site-packages:${PYTHONPATH} /usr/bin/python3 -W ignore:setup.py install is deprecated setup.py develop --editable --build-directory /home/zine/isro/build/map_server_node/build --no-deps symlink_data
