[1.052s] Invoking command in '/home/zine/isro/src/map_server_node': PYTHONPATH=/home/zine/isro/build/map_server_node/prefix_override:/home/zine/isro/install/map_server_node/lib/python3.8/site-packages:${PYTHONPATH} /usr/bin/python3 -W ignore:setup.py install is deprecated setup.py egg_info --egg-base ../../build/map_server_node build --build-base /home/zine/isro/build/map_server_node/build install --record /home/zine/isro/build/map_server_node/install.log --single-version-externally-managed install_data
[1.267s] running egg_info
[1.267s] writing ../../build/map_server_node/map_server_node.egg-info/PKG-INFO
[1.267s] writing dependency_links to ../../build/map_server_node/map_server_node.egg-info/dependency_links.txt
[1.328s] writing entry points to ../../build/map_server_node/map_server_node.egg-info/entry_points.txt
[1.328s] writing requirements to ../../build/map_server_node/map_server_node.egg-info/requires.txt
[1.328s] writing top-level names to ../../build/map_server_node/map_server_node.egg-info/top_level.txt
[1.339s] reading manifest file '../../build/map_server_node/map_server_node.egg-info/SOURCES.txt'
[1.339s] writing manifest file '../../build/map_server_node/map_server_node.egg-info/SOURCES.txt'
[1.351s] running build
[1.351s] running build_py
[1.351s] running install
[1.351s] running install_lib
[1.351s] running install_data
[1.351s] running install_egg_info
[1.360s] removing '/home/zine/isro/install/map_server_node/lib/python3.8/site-packages/map_server_node-0.0.0-py3.8.egg-info' (and everything under it)
[1.365s] Copying ../../build/map_server_node/map_server_node.egg-info to /home/zine/isro/install/map_server_node/lib/python3.8/site-packages/map_server_node-0.0.0-py3.8.egg-info
[1.365s] running install_scripts
[1.381s] Installing map_node script to /home/zine/isro/install/map_server_node/lib/map_server_node
[1.390s] writing list of installed files to '/home/zine/isro/build/map_server_node/install.log'
[1.399s] Invoked command in '/home/zine/isro/src/map_server_node' returned '0': PYTHONPATH=/home/zine/isro/build/map_server_node/prefix_override:/home/zine/isro/install/map_server_node/lib/python3.8/site-packages:${PYTHONPATH} /usr/bin/python3 -W ignore:setup.py install is deprecated setup.py egg_info --egg-base ../../build/map_server_node build --build-base /home/zine/isro/build/map_server_node/build install --record /home/zine/isro/build/map_server_node/install.log --single-version-externally-managed install_data
