[0.551s] Invoking command in '/home/zine/isro/build/sam_bot_description': CMAKE_PREFIX_PATH=${CMAKE_PREFIX_PATH}:/home/zine/isro/install/map_server_node:/home/zine/isro/install/local_planner:/home/zine/isro/install/global_planner:/opt/ros/foxy /usr/bin/cmake --build /home/zine/isro/build/sam_bot_description -- -j12 -l12
[0.580s] -- Found ament_cmake: 0.9.12 (/opt/ros/foxy/share/ament_cmake/cmake)
[0.624s] -- Using PYTHON_EXECUTABLE: /usr/bin/python3
[0.748s] -- Found ament_lint_auto: 0.9.8 (/opt/ros/foxy/share/ament_lint_auto/cmake)
[0.840s] -- Added test 'copyright' to check source files copyright and LICENSE
[0.841s] -- Added test 'flake8' to check Python code syntax and style conventions
[0.842s] -- Added test 'lint_cmake' to check CMake code style
[0.842s] -- Added test 'pep257' to check Python code against some of the style conventions in PEP 257
[0.843s] -- Added test 'xmllint' to check XML markup files
[0.845s] -- Configuring done
[0.848s] -- Generating done
[0.854s] -- Build files have been written to: /home/zine/isro/build/sam_bot_description
[0.888s] Invoked command in '/home/zine/isro/build/sam_bot_description' returned '0': CMAKE_PREFIX_PATH=${CMAKE_PREFIX_PATH}:/home/zine/isro/install/map_server_node:/home/zine/isro/install/local_planner:/home/zine/isro/install/global_planner:/opt/ros/foxy /usr/bin/cmake --build /home/zine/isro/build/sam_bot_description -- -j12 -l12
[0.964s] Invoking command in '/home/zine/isro/build/sam_bot_description': CMAKE_PREFIX_PATH=${CMAKE_PREFIX_PATH}:/home/zine/isro/install/map_server_node:/home/zine/isro/install/local_planner:/home/zine/isro/install/global_planner:/opt/ros/foxy /usr/bin/cmake --install /home/zine/isro/build/sam_bot_description
[1.009s] -- Install configuration: ""
[1.009s] -- Up-to-date: /home/zine/isro/install/sam_bot_description/share/sam_bot_description/src
[1.009s] -- Up-to-date: /home/zine/isro/install/sam_bot_description/share/sam_bot_description/src/description
[1.009s] -- Up-to-date: /home/zine/isro/install/sam_bot_description/share/sam_bot_description/src/description/sam_bot_description.urdf
[1.009s] -- Up-to-date: /home/zine/isro/install/sam_bot_description/share/sam_bot_description/launch
[1.009s] -- Up-to-date: /home/zine/isro/install/sam_bot_description/share/sam_bot_description/launch/display.launch.py
[1.009s] -- Up-to-date: /home/zine/isro/install/sam_bot_description/share/sam_bot_description/rviz
[1.010s] -- Up-to-date: /home/zine/isro/install/sam_bot_description/share/sam_bot_description/rviz/urdf_config.rviz
[1.010s] -- Up-to-date: /home/zine/isro/install/sam_bot_description/share/sam_bot_description/config
[1.011s] -- Up-to-date: /home/zine/isro/install/sam_bot_description/share/sam_bot_description/config/ekf.yaml
[1.011s] -- Installing: /home/zine/isro/install/sam_bot_description/share/sam_bot_description/world
[1.012s] -- Installing: /home/zine/isro/install/sam_bot_description/share/sam_bot_description/world/my_world.sdf
[1.012s] -- Up-to-date: /home/zine/isro/install/sam_bot_description/share/ament_index/resource_index/package_run_dependencies/sam_bot_description
[1.012s] -- Up-to-date: /home/zine/isro/install/sam_bot_description/share/ament_index/resource_index/parent_prefix_path/sam_bot_description
[1.013s] -- Up-to-date: /home/zine/isro/install/sam_bot_description/share/sam_bot_description/environment/ament_prefix_path.sh
[1.013s] -- Installing: /home/zine/isro/install/sam_bot_description/share/sam_bot_description/environment/ament_prefix_path.dsv
[1.013s] -- Up-to-date: /home/zine/isro/install/sam_bot_description/share/sam_bot_description/environment/path.sh
[1.013s] -- Installing: /home/zine/isro/install/sam_bot_description/share/sam_bot_description/environment/path.dsv
[1.014s] -- Up-to-date: /home/zine/isro/install/sam_bot_description/share/sam_bot_description/local_setup.bash
[1.014s] -- Up-to-date: /home/zine/isro/install/sam_bot_description/share/sam_bot_description/local_setup.sh
[1.014s] -- Up-to-date: /home/zine/isro/install/sam_bot_description/share/sam_bot_description/local_setup.zsh
[1.014s] -- Installing: /home/zine/isro/install/sam_bot_description/share/sam_bot_description/local_setup.dsv
[1.017s] -- Installing: /home/zine/isro/install/sam_bot_description/share/sam_bot_description/package.dsv
[1.017s] -- Up-to-date: /home/zine/isro/install/sam_bot_description/share/ament_index/resource_index/packages/sam_bot_description
[1.017s] -- Up-to-date: /home/zine/isro/install/sam_bot_description/share/sam_bot_description/cmake/sam_bot_descriptionConfig.cmake
[1.017s] -- Up-to-date: /home/zine/isro/install/sam_bot_description/share/sam_bot_description/cmake/sam_bot_descriptionConfig-version.cmake
[1.017s] -- Up-to-date: /home/zine/isro/install/sam_bot_description/share/sam_bot_description/package.xml
[1.018s] Invoked command in '/home/zine/isro/build/sam_bot_description' returned '0': CMAKE_PREFIX_PATH=${CMAKE_PREFIX_PATH}:/home/zine/isro/install/map_server_node:/home/zine/isro/install/local_planner:/home/zine/isro/install/global_planner:/opt/ros/foxy /usr/bin/cmake --install /home/zine/isro/build/sam_bot_description
