[0.196s] Invoking command in '/home/zine/isro/build/interfaces': CMAKE_PREFIX_PATH=/opt/ros/foxy /usr/bin/cmake --build /home/zine/isro/build/interfaces -- -j12 -l12
[0.387s] [  9%] Built target interfaces__rosidl_generator_c
[0.393s] [ 12%] Built target interfaces__cpp
[0.393s] [ 22%] Built target interfaces__rosidl_typesupport_c
[0.395s] [ 32%] Built target interfaces__rosidl_typesupport_introspection_c
[0.395s] [ 51%] Built target interfaces__rosidl_typesupport_introspection_cpp
[0.395s] [ 51%] Built target interfaces__rosidl_typesupport_cpp
[0.395s] [ 61%] Built target interfaces__rosidl_typesupport_fastrtps_cpp
[0.396s] [ 70%] Built target interfaces__rosidl_typesupport_fastrtps_c
[0.396s] [ 70%] Built target interfaces
[0.396s] [ 74%] Built target interfaces__py
[0.412s] [ 80%] Built target interfaces__python
[0.450s] [ 87%] Built target interfaces__rosidl_typesupport_c__pyext
[0.450s] [ 93%] Built target interfaces__rosidl_typesupport_fastrtps_c__pyext
[0.450s] [100%] Built target interfaces__rosidl_typesupport_introspection_c__pyext
[0.601s] Invoked command in '/home/zine/isro/build/interfaces' returned '0': CMAKE_PREFIX_PATH=/opt/ros/foxy /usr/bin/cmake --build /home/zine/isro/build/interfaces -- -j12 -l12
[0.697s] Invoking command in '/home/zine/isro/build/interfaces': CMAKE_PREFIX_PATH=/opt/ros/foxy /usr/bin/cmake --install /home/zine/isro/build/interfaces
[0.702s] -- Install configuration: ""
[0.703s] -- Execute custom install script
[0.703s] -- Up-to-date symlink: /home/zine/isro/install/interfaces/share/ament_index/resource_index/rosidl_interfaces/interfaces
[0.704s] -- Up-to-date symlink: /home/zine/isro/install/interfaces/include/interfaces/msg/rosidl_generator_c__visibility_control.h
[0.704s] -- Up-to-date symlink: /home/zine/isro/install/interfaces/include/interfaces/srv/add_object_srv.h
[0.705s] -- Up-to-date symlink: /home/zine/isro/install/interfaces/include/interfaces/srv/detail/add_object_srv__functions.h
[0.705s] -- Up-to-date symlink: /home/zine/isro/install/interfaces/include/interfaces/srv/detail/add_object_srv__struct.h
[0.705s] -- Up-to-date symlink: /home/zine/isro/install/interfaces/include/interfaces/srv/detail/add_object_srv__type_support.h
[0.706s] -- Up-to-date symlink: /home/zine/isro/install/interfaces/share/interfaces/environment/library_path.sh
[0.706s] -- Up-to-date symlink: /home/zine/isro/install/interfaces/share/interfaces/environment/library_path.dsv
[0.706s] -- Up-to-date symlink: /home/zine/isro/install/interfaces/include/interfaces/msg/rosidl_typesupport_fastrtps_c__visibility_control.h
[0.707s] -- Up-to-date symlink: /home/zine/isro/install/interfaces/include/interfaces/srv/detail/add_object_srv__rosidl_typesupport_fastrtps_c.h
[0.707s] -- Up-to-date symlink: /home/zine/isro/install/interfaces/lib/libinterfaces__rosidl_typesupport_fastrtps_c.so
[0.708s] -- Up-to-date symlink: /home/zine/isro/install/interfaces/include/interfaces/msg/rosidl_typesupport_fastrtps_cpp__visibility_control.h
[0.708s] -- Up-to-date symlink: /home/zine/isro/install/interfaces/include/interfaces/srv/detail/add_object_srv__rosidl_typesupport_fastrtps_cpp.hpp
[0.708s] -- Up-to-date symlink: /home/zine/isro/install/interfaces/lib/libinterfaces__rosidl_typesupport_fastrtps_cpp.so
[0.709s] -- Up-to-date symlink: /home/zine/isro/install/interfaces/include/interfaces/msg/rosidl_typesupport_introspection_c__visibility_control.h
[0.709s] -- Up-to-date symlink: /home/zine/isro/install/interfaces/include/interfaces/srv/detail/add_object_srv__rosidl_typesupport_introspection_c.h
[0.709s] -- Up-to-date symlink: /home/zine/isro/install/interfaces/include/interfaces/msg/rosidl_generator_cpp__visibility_control.hpp
[0.709s] -- Up-to-date symlink: /home/zine/isro/install/interfaces/include/interfaces/srv/add_object_srv.hpp
[0.710s] -- Up-to-date symlink: /home/zine/isro/install/interfaces/include/interfaces/srv/detail/add_object_srv__builder.hpp
[0.710s] -- Up-to-date symlink: /home/zine/isro/install/interfaces/include/interfaces/srv/detail/add_object_srv__struct.hpp
[0.711s] -- Up-to-date symlink: /home/zine/isro/install/interfaces/include/interfaces/srv/detail/add_object_srv__traits.hpp
[0.712s] -- Up-to-date symlink: /home/zine/isro/install/interfaces/include/interfaces/srv/detail/add_object_srv__type_support.hpp
[0.712s] -- Up-to-date symlink: /home/zine/isro/install/interfaces/include/interfaces/srv/detail/add_object_srv__rosidl_typesupport_introspection_cpp.hpp
[0.712s] -- Up-to-date symlink: /home/zine/isro/install/interfaces/share/interfaces/environment/pythonpath.sh
[0.712s] -- Up-to-date symlink: /home/zine/isro/install/interfaces/share/interfaces/environment/pythonpath.dsv
[0.713s] -- Up-to-date symlink: /home/zine/isro/install/interfaces/lib/python3.8/site-packages/interfaces/__init__.py
[0.713s] -- Up-to-date symlink: /home/zine/isro/install/interfaces/lib/python3.8/site-packages/interfaces/srv/__init__.py
[0.714s] -- Up-to-date symlink: /home/zine/isro/install/interfaces/lib/python3.8/site-packages/interfaces/srv/_add_object_srv.py
[0.714s] -- Up-to-date symlink: /home/zine/isro/install/interfaces/lib/python3.8/site-packages/interfaces/interfaces_s__rosidl_typesupport_fastrtps_c.cpython-38-x86_64-linux-gnu.so
[0.714s] -- Up-to-date symlink: /home/zine/isro/install/interfaces/lib/python3.8/site-packages/interfaces/interfaces_s__rosidl_typesupport_introspection_c.cpython-38-x86_64-linux-gnu.so
[0.714s] -- Up-to-date symlink: /home/zine/isro/install/interfaces/lib/python3.8/site-packages/interfaces/interfaces_s__rosidl_typesupport_c.cpython-38-x86_64-linux-gnu.so
[0.714s] -- Up-to-date symlink: /home/zine/isro/install/interfaces/lib/libinterfaces__python.so
[0.715s] -- Up-to-date symlink: /home/zine/isro/install/interfaces/share/interfaces/srv/AddObjectSrv.idl
[0.715s] -- Up-to-date symlink: /home/zine/isro/install/interfaces/share/interfaces/srv/AddObjectSrv.srv
[0.715s] -- Up-to-date symlink: /home/zine/isro/install/interfaces/share/interfaces/srv/AddObjectSrv_Request.msg
[0.715s] -- Up-to-date symlink: /home/zine/isro/install/interfaces/share/interfaces/srv/AddObjectSrv_Response.msg
[0.715s] -- Up-to-date symlink: /home/zine/isro/install/interfaces/share/ament_index/resource_index/package_run_dependencies/interfaces
[0.716s] -- Up-to-date symlink: /home/zine/isro/install/interfaces/share/ament_index/resource_index/parent_prefix_path/interfaces
[0.716s] -- Up-to-date symlink: /home/zine/isro/install/interfaces/share/interfaces/environment/ament_prefix_path.sh
[0.716s] -- Up-to-date symlink: /home/zine/isro/install/interfaces/share/interfaces/environment/ament_prefix_path.dsv
[0.716s] -- Up-to-date symlink: /home/zine/isro/install/interfaces/share/interfaces/environment/path.sh
[0.716s] -- Up-to-date symlink: /home/zine/isro/install/interfaces/share/interfaces/environment/path.dsv
[0.716s] -- Up-to-date symlink: /home/zine/isro/install/interfaces/share/interfaces/local_setup.bash
[0.717s] -- Up-to-date symlink: /home/zine/isro/install/interfaces/share/interfaces/local_setup.sh
[0.717s] -- Up-to-date symlink: /home/zine/isro/install/interfaces/share/interfaces/local_setup.zsh
[0.717s] -- Up-to-date symlink: /home/zine/isro/install/interfaces/share/interfaces/local_setup.dsv
[0.717s] -- Symlinking: /home/zine/isro/install/interfaces/share/interfaces/package.dsv
[0.730s] -- Up-to-date symlink: /home/zine/isro/install/interfaces/share/ament_index/resource_index/packages/interfaces
[0.730s] -- Up-to-date symlink: /home/zine/isro/install/interfaces/share/interfaces/cmake/rosidl_cmake-extras.cmake
[0.730s] -- Up-to-date symlink: /home/zine/isro/install/interfaces/share/interfaces/cmake/ament_cmake_export_dependencies-extras.cmake
[0.731s] -- Up-to-date symlink: /home/zine/isro/install/interfaces/share/interfaces/cmake/ament_cmake_export_libraries-extras.cmake
[0.731s] -- Up-to-date symlink: /home/zine/isro/install/interfaces/share/interfaces/cmake/ament_cmake_export_targets-extras.cmake
[0.732s] -- Up-to-date symlink: /home/zine/isro/install/interfaces/share/interfaces/cmake/ament_cmake_export_include_directories-extras.cmake
[0.732s] -- Up-to-date symlink: /home/zine/isro/install/interfaces/share/interfaces/cmake/rosidl_cmake_export_typesupport_libraries-extras.cmake
[0.733s] -- Up-to-date symlink: /home/zine/isro/install/interfaces/share/interfaces/cmake/rosidl_cmake_export_typesupport_targets-extras.cmake
[0.733s] -- Up-to-date symlink: /home/zine/isro/install/interfaces/share/interfaces/cmake/interfacesConfig.cmake
[0.733s] -- Up-to-date symlink: /home/zine/isro/install/interfaces/share/interfaces/cmake/interfacesConfig-version.cmake
[0.733s] -- Up-to-date symlink: /home/zine/isro/install/interfaces/share/interfaces/package.xml
[0.733s] -- Up-to-date: /home/zine/isro/install/interfaces/lib/libinterfaces__rosidl_generator_c.so
[0.734s] -- Up-to-date: /home/zine/isro/install/interfaces/lib/libinterfaces__rosidl_typesupport_introspection_c.so
[0.734s] -- Up-to-date: /home/zine/isro/install/interfaces/lib/libinterfaces__rosidl_typesupport_c.so
[0.734s] -- Up-to-date: /home/zine/isro/install/interfaces/lib/libinterfaces__rosidl_typesupport_introspection_cpp.so
[0.734s] -- Up-to-date: /home/zine/isro/install/interfaces/lib/libinterfaces__rosidl_typesupport_cpp.so
[0.759s] -- Up-to-date: /home/zine/isro/install/interfaces/share/interfaces/cmake/interfaces__rosidl_generator_cExport.cmake
[0.760s] -- Up-to-date: /home/zine/isro/install/interfaces/share/interfaces/cmake/interfaces__rosidl_generator_cExport-noconfig.cmake
[0.760s] -- Up-to-date: /home/zine/isro/install/interfaces/share/interfaces/cmake/interfaces__rosidl_typesupport_introspection_cExport.cmake
[0.761s] -- Up-to-date: /home/zine/isro/install/interfaces/share/interfaces/cmake/interfaces__rosidl_typesupport_introspection_cExport-noconfig.cmake
[0.761s] -- Up-to-date: /home/zine/isro/install/interfaces/share/interfaces/cmake/interfaces__rosidl_typesupport_cExport.cmake
[0.761s] -- Up-to-date: /home/zine/isro/install/interfaces/share/interfaces/cmake/interfaces__rosidl_typesupport_cExport-noconfig.cmake
[0.761s] -- Up-to-date: /home/zine/isro/install/interfaces/share/interfaces/cmake/interfaces__rosidl_generator_cppExport.cmake
[0.763s] -- Up-to-date: /home/zine/isro/install/interfaces/share/interfaces/cmake/interfaces__rosidl_typesupport_introspection_cppExport.cmake
[0.764s] -- Up-to-date: /home/zine/isro/install/interfaces/share/interfaces/cmake/interfaces__rosidl_typesupport_introspection_cppExport-noconfig.cmake
[0.771s] -- Up-to-date: /home/zine/isro/install/interfaces/share/interfaces/cmake/interfaces__rosidl_typesupport_cppExport.cmake
[0.771s] -- Up-to-date: /home/zine/isro/install/interfaces/share/interfaces/cmake/interfaces__rosidl_typesupport_cppExport-noconfig.cmake
[0.771s] Invoked command in '/home/zine/isro/build/interfaces' returned '0': CMAKE_PREFIX_PATH=/opt/ros/foxy /usr/bin/cmake --install /home/zine/isro/build/interfaces
