[0.550s] Invoking command in '/home/zine/isro/build/sam_bot_description': CMAKE_PREFIX_PATH=${CMAKE_PREFIX_PATH}:/home/zine/isro/install/map_server_node:/home/zine/isro/install/local_planner:/home/zine/isro/install/global_planner:/opt/ros/foxy /usr/bin/cmake /home/zine/isro/src/sam_bot_description -DCMAKE_INSTALL_PREFIX=/home/zine/isro/install/sam_bot_description
[1.009s] -- The C compiler identification is GNU 9.4.0
[1.429s] -- The CXX compiler identification is GNU 9.4.0
[1.435s] -- Check for working C compiler: /usr/bin/cc
[1.738s] -- Check for working C compiler: /usr/bin/cc -- works
[1.798s] -- Detecting C compiler ABI info
[2.257s] -- Detecting C compiler ABI info - done
[2.257s] -- Detecting C compile features
[2.257s] -- Detecting C compile features - done
[2.285s] -- Check for working CXX compiler: /usr/bin/c++
[2.746s] -- Check for working CXX compiler: /usr/bin/c++ -- works
[2.746s] -- Detecting CXX compiler ABI info
[3.031s] -- Detecting CXX compiler ABI info - done
[3.050s] -- Detecting CXX compile features
[3.064s] -- Detecting CXX compile features - done
[3.076s] -- Found ament_cmake: 0.9.12 (/opt/ros/foxy/share/ament_cmake/cmake)
[3.187s] -- Found PythonInterp: /usr/bin/python3 (found suitable version "3.8.10", minimum required is "3") 
[3.187s] -- Using PYTHON_EXECUTABLE: /usr/bin/python3
[3.634s] -- Found ament_lint_auto: 0.9.8 (/opt/ros/foxy/share/ament_lint_auto/cmake)
[3.772s] -- Added test 'copyright' to check source files copyright and LICENSE
[3.774s] -- Added test 'flake8' to check Python code syntax and style conventions
[3.774s] -- Added test 'lint_cmake' to check CMake code style
[3.775s] -- Added test 'pep257' to check Python code against some of the style conventions in PEP 257
[3.775s] -- Added test 'xmllint' to check XML markup files
[3.777s] -- Configuring done
[3.779s] -- Generating done
[3.779s] -- Build files have been written to: /home/zine/isro/build/sam_bot_description
[3.788s] Invoked command in '/home/zine/isro/build/sam_bot_description' returned '0': CMAKE_PREFIX_PATH=${CMAKE_PREFIX_PATH}:/home/zine/isro/install/map_server_node:/home/zine/isro/install/local_planner:/home/zine/isro/install/global_planner:/opt/ros/foxy /usr/bin/cmake /home/zine/isro/src/sam_bot_description -DCMAKE_INSTALL_PREFIX=/home/zine/isro/install/sam_bot_description
[3.789s] Invoking command in '/home/zine/isro/build/sam_bot_description': CMAKE_PREFIX_PATH=${CMAKE_PREFIX_PATH}:/home/zine/isro/install/map_server_node:/home/zine/isro/install/local_planner:/home/zine/isro/install/global_planner:/opt/ros/foxy /usr/bin/cmake --build /home/zine/isro/build/sam_bot_description -- -j12 -l12
[3.818s] Invoked command in '/home/zine/isro/build/sam_bot_description' returned '0': CMAKE_PREFIX_PATH=${CMAKE_PREFIX_PATH}:/home/zine/isro/install/map_server_node:/home/zine/isro/install/local_planner:/home/zine/isro/install/global_planner:/opt/ros/foxy /usr/bin/cmake --build /home/zine/isro/build/sam_bot_description -- -j12 -l12
[3.849s] Invoking command in '/home/zine/isro/build/sam_bot_description': CMAKE_PREFIX_PATH=${CMAKE_PREFIX_PATH}:/home/zine/isro/install/map_server_node:/home/zine/isro/install/local_planner:/home/zine/isro/install/global_planner:/opt/ros/foxy /usr/bin/cmake --install /home/zine/isro/build/sam_bot_description
[3.855s] -- Install configuration: ""
[3.855s] -- Installing: /home/zine/isro/install/sam_bot_description/share/sam_bot_description/src
[3.855s] -- Installing: /home/zine/isro/install/sam_bot_description/share/sam_bot_description/src/description
[3.855s] -- Installing: /home/zine/isro/install/sam_bot_description/share/sam_bot_description/src/description/sam_bot_description.urdf
[3.855s] -- Installing: /home/zine/isro/install/sam_bot_description/share/sam_bot_description/launch
[3.855s] -- Installing: /home/zine/isro/install/sam_bot_description/share/sam_bot_description/launch/display.launch.py
[3.855s] -- Installing: /home/zine/isro/install/sam_bot_description/share/sam_bot_description/rviz
[3.855s] -- Installing: /home/zine/isro/install/sam_bot_description/share/sam_bot_description/rviz/urdf_config.rviz
[3.856s] -- Installing: /home/zine/isro/install/sam_bot_description/share/ament_index/resource_index/package_run_dependencies/sam_bot_description
[3.856s] -- Installing: /home/zine/isro/install/sam_bot_description/share/ament_index/resource_index/parent_prefix_path/sam_bot_description
[3.856s] -- Installing: /home/zine/isro/install/sam_bot_description/share/sam_bot_description/environment/ament_prefix_path.sh
[3.856s] -- Installing: /home/zine/isro/install/sam_bot_description/share/sam_bot_description/environment/ament_prefix_path.dsv
[3.856s] -- Installing: /home/zine/isro/install/sam_bot_description/share/sam_bot_description/environment/path.sh
[3.856s] -- Installing: /home/zine/isro/install/sam_bot_description/share/sam_bot_description/environment/path.dsv
[3.856s] -- Installing: /home/zine/isro/install/sam_bot_description/share/sam_bot_description/local_setup.bash
[3.856s] -- Installing: /home/zine/isro/install/sam_bot_description/share/sam_bot_description/local_setup.sh
[3.856s] -- Installing: /home/zine/isro/install/sam_bot_description/share/sam_bot_description/local_setup.zsh
[3.856s] -- Installing: /home/zine/isro/install/sam_bot_description/share/sam_bot_description/local_setup.dsv
[3.856s] -- Installing: /home/zine/isro/install/sam_bot_description/share/sam_bot_description/package.dsv
[3.856s] -- Installing: /home/zine/isro/install/sam_bot_description/share/ament_index/resource_index/packages/sam_bot_description
[3.856s] -- Installing: /home/zine/isro/install/sam_bot_description/share/sam_bot_description/cmake/sam_bot_descriptionConfig.cmake
[3.856s] -- Installing: /home/zine/isro/install/sam_bot_description/share/sam_bot_description/cmake/sam_bot_descriptionConfig-version.cmake
[3.857s] -- Installing: /home/zine/isro/install/sam_bot_description/share/sam_bot_description/package.xml
[3.858s] Invoked command in '/home/zine/isro/build/sam_bot_description' returned '0': CMAKE_PREFIX_PATH=${CMAKE_PREFIX_PATH}:/home/zine/isro/install/map_server_node:/home/zine/isro/install/local_planner:/home/zine/isro/install/global_planner:/opt/ros/foxy /usr/bin/cmake --install /home/zine/isro/build/sam_bot_description
