[1.247s] Invoking command in '/home/zine/isro/build/global_planner': PYTHONPATH=/home/zine/isro/build/global_planner/prefix_override:/home/zine/isro/install/global_planner/lib/python3.8/site-packages:${PYTHONPATH} /usr/bin/python3 -W ignore:setup.py install is deprecated setup.py develop --uninstall --editable --build-directory /home/zine/isro/build/global_planner/build
[1.416s] running develop
[1.596s] Removing /home/zine/isro/install/global_planner/lib/python3.8/site-packages/global-planner.egg-link (link to .)
[1.717s] Invoked command in '/home/zine/isro/build/global_planner' returned '0': PYTHONPATH=/home/zine/isro/build/global_planner/prefix_override:/home/zine/isro/install/global_planner/lib/python3.8/site-packages:${PYTHONPATH} /usr/bin/python3 -W ignore:setup.py install is deprecated setup.py develop --uninstall --editable --build-directory /home/zine/isro/build/global_planner/build
[1.717s] Invoking command in '/home/zine/isro/src/global_planner': PYTHONPATH=/home/zine/isro/build/global_planner/prefix_override:/home/zine/isro/install/global_planner/lib/python3.8/site-packages:${PYTHONPATH} /usr/bin/python3 -W ignore:setup.py install is deprecated setup.py egg_info --egg-base ../../build/global_planner build --build-base /home/zine/isro/build/global_planner/build install --record /home/zine/isro/build/global_planner/install.log --single-version-externally-managed install_data --force
[2.033s] running egg_info
[2.033s] writing ../../build/global_planner/global_planner.egg-info/PKG-INFO
[2.033s] writing dependency_links to ../../build/global_planner/global_planner.egg-info/dependency_links.txt
[2.033s] writing entry points to ../../build/global_planner/global_planner.egg-info/entry_points.txt
[2.043s] writing requirements to ../../build/global_planner/global_planner.egg-info/requires.txt
[2.070s] writing top-level names to ../../build/global_planner/global_planner.egg-info/top_level.txt
[2.128s] reading manifest file '../../build/global_planner/global_planner.egg-info/SOURCES.txt'
[2.152s] writing manifest file '../../build/global_planner/global_planner.egg-info/SOURCES.txt'
[2.185s] running build
[2.185s] running build_py
[2.185s] creating /home/zine/isro/build/global_planner/build
[2.196s] creating /home/zine/isro/build/global_planner/build/lib
[2.208s] creating /home/zine/isro/build/global_planner/build/lib/global_planner
[2.228s] copying global_planner/planner.py -> /home/zine/isro/build/global_planner/build/lib/global_planner
[2.228s] copying global_planner/planner_node.py -> /home/zine/isro/build/global_planner/build/lib/global_planner
[2.229s] copying global_planner/__init__.py -> /home/zine/isro/build/global_planner/build/lib/global_planner
[2.229s] running install
[2.229s] running install_lib
[2.229s] creating /home/zine/isro/install/global_planner/lib/python3.8/site-packages/global_planner
[2.284s] copying /home/zine/isro/build/global_planner/build/lib/global_planner/planner.py -> /home/zine/isro/install/global_planner/lib/python3.8/site-packages/global_planner
[2.296s] copying /home/zine/isro/build/global_planner/build/lib/global_planner/planner_node.py -> /home/zine/isro/install/global_planner/lib/python3.8/site-packages/global_planner
[2.296s] copying /home/zine/isro/build/global_planner/build/lib/global_planner/__init__.py -> /home/zine/isro/install/global_planner/lib/python3.8/site-packages/global_planner
[2.296s] byte-compiling /home/zine/isro/install/global_planner/lib/python3.8/site-packages/global_planner/planner.py to planner.cpython-38.pyc
[2.296s] byte-compiling /home/zine/isro/install/global_planner/lib/python3.8/site-packages/global_planner/planner_node.py to planner_node.cpython-38.pyc
[2.296s] byte-compiling /home/zine/isro/install/global_planner/lib/python3.8/site-packages/global_planner/__init__.py to __init__.cpython-38.pyc
[2.314s] running install_data
[2.314s] copying resource/global_planner -> /home/zine/isro/install/global_planner/share/ament_index/resource_index/packages
[2.314s] copying package.xml -> /home/zine/isro/install/global_planner/share/global_planner
[2.314s] running install_egg_info
[2.361s] Copying ../../build/global_planner/global_planner.egg-info to /home/zine/isro/install/global_planner/lib/python3.8/site-packages/global_planner-0.0.0-py3.8.egg-info
[2.375s] running install_scripts
[2.419s] writing list of installed files to '/home/zine/isro/build/global_planner/install.log'
[2.724s] Invoked command in '/home/zine/isro/src/global_planner' returned '0': PYTHONPATH=/home/zine/isro/build/global_planner/prefix_override:/home/zine/isro/install/global_planner/lib/python3.8/site-packages:${PYTHONPATH} /usr/bin/python3 -W ignore:setup.py install is deprecated setup.py egg_info --egg-base ../../build/global_planner build --build-base /home/zine/isro/build/global_planner/build install --record /home/zine/isro/build/global_planner/install.log --single-version-externally-managed install_data --force
