[1.066s] Invoking command in '/home/zine/isro/src/local_planner': PYTHONPATH=/home/zine/isro/build/local_planner/prefix_override:/home/zine/isro/install/local_planner/lib/python3.8/site-packages:${PYTHONPATH} /usr/bin/python3 -W ignore:setup.py install is deprecated setup.py egg_info --egg-base ../../build/local_planner build --build-base /home/zine/isro/build/local_planner/build install --record /home/zine/isro/build/local_planner/install.log --single-version-externally-managed install_data
[1.248s] running egg_info
[1.262s] writing ../../build/local_planner/local_planner.egg-info/PKG-INFO
[1.262s] writing dependency_links to ../../build/local_planner/local_planner.egg-info/dependency_links.txt
[1.273s] writing entry points to ../../build/local_planner/local_planner.egg-info/entry_points.txt
[1.313s] writing requirements to ../../build/local_planner/local_planner.egg-info/requires.txt
[1.313s] writing top-level names to ../../build/local_planner/local_planner.egg-info/top_level.txt
[1.366s] reading manifest file '../../build/local_planner/local_planner.egg-info/SOURCES.txt'
[1.366s] writing manifest file '../../build/local_planner/local_planner.egg-info/SOURCES.txt'
[1.366s] running build
[1.366s] running build_py
[1.366s] running install
[1.366s] running install_lib
[1.366s] running install_data
[1.366s] running install_egg_info
[1.366s] removing '/home/zine/isro/install/local_planner/lib/python3.8/site-packages/local_planner-0.0.0-py3.8.egg-info' (and everything under it)
[1.368s] Copying ../../build/local_planner/local_planner.egg-info to /home/zine/isro/install/local_planner/lib/python3.8/site-packages/local_planner-0.0.0-py3.8.egg-info
[1.368s] running install_scripts
[1.399s] writing list of installed files to '/home/zine/isro/build/local_planner/install.log'
[1.488s] Invoked command in '/home/zine/isro/src/local_planner' returned '0': PYTHONPATH=/home/zine/isro/build/local_planner/prefix_override:/home/zine/isro/install/local_planner/lib/python3.8/site-packages:${PYTHONPATH} /usr/bin/python3 -W ignore:setup.py install is deprecated setup.py egg_info --egg-base ../../build/local_planner build --build-base /home/zine/isro/build/local_planner/build install --record /home/zine/isro/build/local_planner/install.log --single-version-externally-managed install_data
